{"E:\\PESTO_Aucti\\aucti_firebase\\Aucti\\aucti-web\\src\\App.js": {"path":"E:\\PESTO_Aucti\\aucti_firebase\\Aucti\\aucti-web\\src\\App.js","statementMap":{"0":{"start":{"line":16,"column":21},"end":{"line":19,"column":1}},"1":{"start":{"line":21,"column":2},"end":{"line":36,"column":4}},"2":{"start":{"line":25,"column":46},"end":{"line":25,"column":69}}},"fnMap":{"0":{"name":"App","decl":{"start":{"line":20,"column":9},"end":{"line":20,"column":12}},"loc":{"start":{"line":20,"column":15},"end":{"line":37,"column":1}},"line":20},"1":{"name":"(anonymous_1)","decl":{"start":{"line":25,"column":40},"end":{"line":25,"column":41}},"loc":{"start":{"line":25,"column":46},"end":{"line":25,"column":69}},"line":25}},"branchMap":{},"s":{"0":0,"1":0,"2":0},"f":{"0":0,"1":0},"b":{}}
,"E:\\PESTO_Aucti\\aucti_firebase\\Aucti\\aucti-web\\src\\components\\Layouts\\CustomLayout.js": {"path":"E:\\PESTO_Aucti\\aucti_firebase\\Aucti\\aucti-web\\src\\components\\Layouts\\CustomLayout.js","statementMap":{"0":{"start":{"line":10,"column":18},"end":{"line":10,"column":23}},"1":{"start":{"line":11,"column":39},"end":{"line":11,"column":54}},"2":{"start":{"line":12,"column":16},"end":{"line":12,"column":29}},"3":{"start":{"line":14,"column":1},"end":{"line":16,"column":16}},"4":{"start":{"line":15,"column":2},"end":{"line":15,"column":21}},"5":{"start":{"line":18,"column":1},"end":{"line":32,"column":3}},"6":{"start":{"line":35,"column":24},"end":{"line":39,"column":1}},"7":{"start":{"line":36,"column":1},"end":{"line":38,"column":3}},"8":{"start":{"line":41,"column":27},"end":{"line":43,"column":1}},"9":{"start":{"line":42,"column":1},"end":{"line":42,"column":11}}},"fnMap":{"0":{"name":"CustomLayout","decl":{"start":{"line":9,"column":9},"end":{"line":9,"column":21}},"loc":{"start":{"line":9,"column":29},"end":{"line":33,"column":1}},"line":9},"1":{"name":"(anonymous_1)","decl":{"start":{"line":14,"column":11},"end":{"line":14,"column":12}},"loc":{"start":{"line":14,"column":17},"end":{"line":16,"column":2}},"line":14},"2":{"name":"(anonymous_2)","decl":{"start":{"line":35,"column":24},"end":{"line":35,"column":25}},"loc":{"start":{"line":35,"column":35},"end":{"line":39,"column":1}},"line":35},"3":{"name":"(anonymous_3)","decl":{"start":{"line":41,"column":27},"end":{"line":41,"column":28}},"loc":{"start":{"line":41,"column":41},"end":{"line":43,"column":1}},"line":41}},"branchMap":{"0":{"loc":{"start":{"line":21,"column":6},"end":{"line":21,"column":40}},"type":"binary-expr","locations":[{"start":{"line":21,"column":6},"end":{"line":21,"column":19}},{"start":{"line":21,"column":23},"end":{"line":21,"column":40}}],"line":21}},"s":{"0":0,"1":0,"2":0,"3":0,"4":0,"5":0,"6":0,"7":0,"8":0,"9":0},"f":{"0":0,"1":0,"2":0,"3":0},"b":{"0":[0,0]}}
,"E:\\PESTO_Aucti\\aucti_firebase\\Aucti\\aucti-web\\src\\components\\Layouts\\Footer.js": {"path":"E:\\PESTO_Aucti\\aucti_firebase\\Aucti\\aucti-web\\src\\components\\Layouts\\Footer.js","statementMap":{"0":{"start":{"line":4,"column":15},"end":{"line":94,"column":1}},"1":{"start":{"line":5,"column":1},"end":{"line":93,"column":3}}},"fnMap":{"0":{"name":"(anonymous_0)","decl":{"start":{"line":4,"column":15},"end":{"line":4,"column":16}},"loc":{"start":{"line":4,"column":21},"end":{"line":94,"column":1}},"line":4}},"branchMap":{},"s":{"0":0,"1":0},"f":{"0":0},"b":{}}
,"E:\\PESTO_Aucti\\aucti_firebase\\Aucti\\aucti-web\\src\\components\\Pages\\Auth\\Login\\Login.js": {"path":"E:\\PESTO_Aucti\\aucti_firebase\\Aucti\\aucti-web\\src\\components\\Pages\\Auth\\Login\\Login.js","statementMap":{"0":{"start":{"line":8,"column":14},"end":{"line":124,"column":1}},"1":{"start":{"line":9,"column":25},"end":{"line":9,"column":37}},"2":{"start":{"line":10,"column":31},"end":{"line":10,"column":43}},"3":{"start":{"line":12,"column":20},"end":{"line":14,"column":2}},"4":{"start":{"line":13,"column":2},"end":{"line":13,"column":16}},"5":{"start":{"line":16,"column":22},"end":{"line":24,"column":2}},"6":{"start":{"line":17,"column":2},"end":{"line":17,"column":21}},"7":{"start":{"line":18,"column":2},"end":{"line":23,"column":3}},"8":{"start":{"line":19,"column":3},"end":{"line":19,"column":48}},"9":{"start":{"line":21,"column":3},"end":{"line":21,"column":21}},"10":{"start":{"line":22,"column":3},"end":{"line":22,"column":18}},"11":{"start":{"line":25,"column":24},"end":{"line":25,"column":38}},"12":{"start":{"line":27,"column":27},"end":{"line":29,"column":2}},"13":{"start":{"line":28,"column":2},"end":{"line":28,"column":34}},"14":{"start":{"line":31,"column":1},"end":{"line":123,"column":3}},"15":{"start":{"line":69,"column":27},"end":{"line":69,"column":46}},"16":{"start":{"line":86,"column":27},"end":{"line":86,"column":47}},"17":{"start":{"line":126,"column":27},"end":{"line":132,"column":1}},"18":{"start":{"line":127,"column":1},"end":{"line":131,"column":3}},"19":{"start":{"line":129,"column":3},"end":{"line":129,"column":35}}},"fnMap":{"0":{"name":"(anonymous_0)","decl":{"start":{"line":8,"column":14},"end":{"line":8,"column":15}},"loc":{"start":{"line":8,"column":25},"end":{"line":124,"column":1}},"line":8},"1":{"name":"(anonymous_1)","decl":{"start":{"line":12,"column":20},"end":{"line":12,"column":21}},"loc":{"start":{"line":12,"column":30},"end":{"line":14,"column":2}},"line":12},"2":{"name":"(anonymous_2)","decl":{"start":{"line":16,"column":22},"end":{"line":16,"column":23}},"loc":{"start":{"line":16,"column":29},"end":{"line":24,"column":2}},"line":16},"3":{"name":"(anonymous_3)","decl":{"start":{"line":27,"column":27},"end":{"line":27,"column":28}},"loc":{"start":{"line":27,"column":33},"end":{"line":29,"column":2}},"line":27},"4":{"name":"(anonymous_4)","decl":{"start":{"line":69,"column":21},"end":{"line":69,"column":22}},"loc":{"start":{"line":69,"column":27},"end":{"line":69,"column":46}},"line":69},"5":{"name":"(anonymous_5)","decl":{"start":{"line":86,"column":21},"end":{"line":86,"column":22}},"loc":{"start":{"line":86,"column":27},"end":{"line":86,"column":47}},"line":86},"6":{"name":"(anonymous_6)","decl":{"start":{"line":126,"column":27},"end":{"line":126,"column":28}},"loc":{"start":{"line":126,"column":41},"end":{"line":132,"column":1}},"line":126},"7":{"name":"(anonymous_7)","decl":{"start":{"line":128,"column":9},"end":{"line":128,"column":10}},"loc":{"start":{"line":128,"column":19},"end":{"line":130,"column":3}},"line":128}},"branchMap":{"0":{"loc":{"start":{"line":18,"column":2},"end":{"line":23,"column":3}},"type":"if","locations":[{"start":{"line":18,"column":2},"end":{"line":23,"column":3}},{"start":{"line":18,"column":2},"end":{"line":23,"column":3}}],"line":18}},"s":{"0":0,"1":0,"2":0,"3":0,"4":0,"5":0,"6":0,"7":0,"8":0,"9":0,"10":0,"11":0,"12":0,"13":0,"14":0,"15":0,"16":0,"17":0,"18":0,"19":0},"f":{"0":0,"1":0,"2":0,"3":0,"4":0,"5":0,"6":0,"7":0},"b":{"0":[0,0]}}
,"E:\\PESTO_Aucti\\aucti_firebase\\Aucti\\aucti-web\\src\\components\\Pages\\Auth\\Signup\\RegisterForm.js": {"path":"E:\\PESTO_Aucti\\aucti_firebase\\Aucti\\aucti-web\\src\\components\\Pages\\Auth\\Signup\\RegisterForm.js","statementMap":{"0":{"start":{"line":3,"column":21},"end":{"line":76,"column":1}},"1":{"start":{"line":4,"column":1},"end":{"line":75,"column":3}}},"fnMap":{"0":{"name":"(anonymous_0)","decl":{"start":{"line":3,"column":21},"end":{"line":3,"column":22}},"loc":{"start":{"line":3,"column":27},"end":{"line":76,"column":1}},"line":3}},"branchMap":{},"s":{"0":1,"1":1},"f":{"0":1},"b":{},"_coverageSchema":"1a1c01bbd47fc00a2c39e90264f33305004495a9","hash":"0324a05b36e5074c51fd1c23f1166ac7a712ad88"}
,"E:\\PESTO_Aucti\\aucti_firebase\\Aucti\\aucti-web\\src\\components\\Pages\\Dashboards\\Header.js": {"path":"E:\\PESTO_Aucti\\aucti_firebase\\Aucti\\aucti-web\\src\\components\\Pages\\Dashboards\\Header.js","statementMap":{"0":{"start":{"line":27,"column":22},"end":{"line":133,"column":1}},"1":{"start":{"line":28,"column":18},"end":{"line":28,"column":23}},"2":{"start":{"line":31,"column":23},"end":{"line":33,"column":2}},"3":{"start":{"line":32,"column":2},"end":{"line":32,"column":40}},"4":{"start":{"line":35,"column":51},"end":{"line":35,"column":66}},"5":{"start":{"line":38,"column":2},"end":{"line":38,"column":43}},"6":{"start":{"line":41,"column":22},"end":{"line":43,"column":2}},"7":{"start":{"line":42,"column":2},"end":{"line":42,"column":37}},"8":{"start":{"line":45,"column":24},"end":{"line":47,"column":2}},"9":{"start":{"line":46,"column":2},"end":{"line":46,"column":20}},"10":{"start":{"line":49,"column":1},"end":{"line":132,"column":3}},"11":{"start":{"line":101,"column":23},"end":{"line":101,"column":50}},"12":{"start":{"line":134,"column":24},"end":{"line":134,"column":48}},"13":{"start":{"line":134,"column":39},"end":{"line":134,"column":47}}},"fnMap":{"0":{"name":"(anonymous_0)","decl":{"start":{"line":27,"column":22},"end":{"line":27,"column":23}},"loc":{"start":{"line":27,"column":32},"end":{"line":133,"column":1}},"line":27},"1":{"name":"(anonymous_1)","decl":{"start":{"line":31,"column":23},"end":{"line":31,"column":24}},"loc":{"start":{"line":31,"column":29},"end":{"line":33,"column":2}},"line":31},"2":{"name":"handleProfileClick","decl":{"start":{"line":37,"column":10},"end":{"line":37,"column":28}},"loc":{"start":{"line":37,"column":31},"end":{"line":39,"column":2}},"line":37},"3":{"name":"(anonymous_3)","decl":{"start":{"line":41,"column":22},"end":{"line":41,"column":23}},"loc":{"start":{"line":41,"column":28},"end":{"line":43,"column":2}},"line":41},"4":{"name":"(anonymous_4)","decl":{"start":{"line":45,"column":24},"end":{"line":45,"column":25}},"loc":{"start":{"line":45,"column":30},"end":{"line":47,"column":2}},"line":45},"5":{"name":"(anonymous_5)","decl":{"start":{"line":101,"column":17},"end":{"line":101,"column":18}},"loc":{"start":{"line":101,"column":23},"end":{"line":101,"column":50}},"line":101},"6":{"name":"(anonymous_6)","decl":{"start":{"line":134,"column":24},"end":{"line":134,"column":25}},"loc":{"start":{"line":134,"column":39},"end":{"line":134,"column":47}},"line":134}},"branchMap":{"0":{"loc":{"start":{"line":83,"column":8},"end":{"line":95,"column":8}},"type":"cond-expr","locations":[{"start":{"line":84,"column":8},"end":{"line":88,"column":10}},{"start":{"line":90,"column":8},"end":{"line":94,"column":15}}],"line":83},"1":{"loc":{"start":{"line":97,"column":7},"end":{"line":127,"column":7}},"type":"binary-expr","locations":[{"start":{"line":97,"column":7},"end":{"line":97,"column":11}},{"start":{"line":98,"column":7},"end":{"line":126,"column":18}}],"line":97},"2":{"loc":{"start":{"line":103,"column":9},"end":{"line":114,"column":9}},"type":"binary-expr","locations":[{"start":{"line":103,"column":9},"end":{"line":103,"column":13}},{"start":{"line":104,"column":9},"end":{"line":113,"column":16}}],"line":103}},"s":{"0":0,"1":0,"2":0,"3":0,"4":0,"5":0,"6":0,"7":0,"8":0,"9":0,"10":0,"11":0,"12":0,"13":0},"f":{"0":0,"1":0,"2":0,"3":0,"4":0,"5":0,"6":0},"b":{"0":[0,0],"1":[0,0],"2":[0,0]}}
,"E:\\PESTO_Aucti\\aucti_firebase\\Aucti\\aucti-web\\src\\components\\Pages\\Dashboards\\Buyer\\BuyerHome.js": {"path":"E:\\PESTO_Aucti\\aucti_firebase\\Aucti\\aucti-web\\src\\components\\Pages\\Dashboards\\Buyer\\BuyerHome.js","statementMap":{"0":{"start":{"line":20,"column":15},"end":{"line":20,"column":16}},"1":{"start":{"line":22,"column":18},"end":{"line":385,"column":1}},"2":{"start":{"line":23,"column":35},"end":{"line":23,"column":47}},"3":{"start":{"line":24,"column":39},"end":{"line":24,"column":44}},"4":{"start":{"line":25,"column":27},"end":{"line":25,"column":42}},"5":{"start":{"line":26,"column":35},"end":{"line":26,"column":50}},"6":{"start":{"line":28,"column":47},"end":{"line":28,"column":62}},"7":{"start":{"line":29,"column":61},"end":{"line":29,"column":73}},"8":{"start":{"line":30,"column":57},"end":{"line":30,"column":69}},"9":{"start":{"line":31,"column":39},"end":{"line":31,"column":50}},"10":{"start":{"line":33,"column":1},"end":{"line":37,"column":19}},"11":{"start":{"line":34,"column":44},"end":{"line":34,"column":60}},"12":{"start":{"line":35,"column":2},"end":{"line":35,"column":63}},"13":{"start":{"line":36,"column":2},"end":{"line":36,"column":36}},"14":{"start":{"line":39,"column":20},"end":{"line":42,"column":2}},"15":{"start":{"line":40,"column":2},"end":{"line":40,"column":33}},"16":{"start":{"line":41,"column":2},"end":{"line":41,"column":21}},"17":{"start":{"line":44,"column":22},"end":{"line":47,"column":2}},"18":{"start":{"line":45,"column":2},"end":{"line":45,"column":29}},"19":{"start":{"line":46,"column":2},"end":{"line":46,"column":27}},"20":{"start":{"line":49,"column":21},"end":{"line":51,"column":2}},"21":{"start":{"line":50,"column":2},"end":{"line":50,"column":31}},"22":{"start":{"line":53,"column":27},"end":{"line":59,"column":2}},"23":{"start":{"line":54,"column":2},"end":{"line":54,"column":21}},"24":{"start":{"line":55,"column":2},"end":{"line":55,"column":73}},"25":{"start":{"line":56,"column":2},"end":{"line":56,"column":19}},"26":{"start":{"line":57,"column":2},"end":{"line":57,"column":32}},"27":{"start":{"line":58,"column":2},"end":{"line":58,"column":22}},"28":{"start":{"line":61,"column":25},"end":{"line":65,"column":2}},"29":{"start":{"line":62,"column":2},"end":{"line":62,"column":43}},"30":{"start":{"line":63,"column":2},"end":{"line":63,"column":30}},"31":{"start":{"line":64,"column":2},"end":{"line":64,"column":28}},"32":{"start":{"line":67,"column":16},"end":{"line":69,"column":2}},"33":{"start":{"line":68,"column":2},"end":{"line":68,"column":34}},"34":{"start":{"line":70,"column":20},"end":{"line":72,"column":2}},"35":{"start":{"line":71,"column":2},"end":{"line":71,"column":34}},"36":{"start":{"line":74,"column":26},"end":{"line":76,"column":2}},"37":{"start":{"line":75,"column":2},"end":{"line":75,"column":23}},"38":{"start":{"line":78,"column":26},"end":{"line":82,"column":18}},"39":{"start":{"line":79,"column":25},"end":{"line":79,"column":53}},"40":{"start":{"line":80,"column":24},"end":{"line":80,"column":49}},"41":{"start":{"line":81,"column":2},"end":{"line":81,"column":43}},"42":{"start":{"line":84,"column":1},"end":{"line":86,"column":2}},"43":{"start":{"line":85,"column":2},"end":{"line":85,"column":27}},"44":{"start":{"line":88,"column":1},"end":{"line":384,"column":3}},"45":{"start":{"line":209,"column":12},"end":{"line":261,"column":14}},"46":{"start":{"line":240,"column":32},"end":{"line":240,"column":45}},"47":{"start":{"line":255,"column":33},"end":{"line":255,"column":48}},"48":{"start":{"line":281,"column":30},"end":{"line":281,"column":50}},"49":{"start":{"line":320,"column":9},"end":{"line":320,"column":29}},"50":{"start":{"line":321,"column":9},"end":{"line":321,"column":39}},"51":{"start":{"line":364,"column":11},"end":{"line":364,"column":37}},"52":{"start":{"line":365,"column":11},"end":{"line":365,"column":39}},"53":{"start":{"line":387,"column":24},"end":{"line":393,"column":1}},"54":{"start":{"line":388,"column":1},"end":{"line":392,"column":3}},"55":{"start":{"line":395,"column":27},"end":{"line":403,"column":1}},"56":{"start":{"line":396,"column":1},"end":{"line":402,"column":3}},"57":{"start":{"line":398,"column":3},"end":{"line":398,"column":66}},"58":{"start":{"line":399,"column":33},"end":{"line":399,"column":73}},"59":{"start":{"line":400,"column":24},"end":{"line":400,"column":56}},"60":{"start":{"line":401,"column":21},"end":{"line":401,"column":50}}},"fnMap":{"0":{"name":"(anonymous_0)","decl":{"start":{"line":22,"column":18},"end":{"line":22,"column":19}},"loc":{"start":{"line":22,"column":29},"end":{"line":385,"column":1}},"line":22},"1":{"name":"(anonymous_1)","decl":{"start":{"line":33,"column":11},"end":{"line":33,"column":12}},"loc":{"start":{"line":33,"column":17},"end":{"line":37,"column":2}},"line":33},"2":{"name":"(anonymous_2)","decl":{"start":{"line":39,"column":20},"end":{"line":39,"column":21}},"loc":{"start":{"line":39,"column":29},"end":{"line":42,"column":2}},"line":39},"3":{"name":"(anonymous_3)","decl":{"start":{"line":44,"column":22},"end":{"line":44,"column":23}},"loc":{"start":{"line":44,"column":29},"end":{"line":47,"column":2}},"line":44},"4":{"name":"(anonymous_4)","decl":{"start":{"line":49,"column":21},"end":{"line":49,"column":22}},"loc":{"start":{"line":49,"column":28},"end":{"line":51,"column":2}},"line":49},"5":{"name":"(anonymous_5)","decl":{"start":{"line":53,"column":27},"end":{"line":53,"column":28}},"loc":{"start":{"line":53,"column":34},"end":{"line":59,"column":2}},"line":53},"6":{"name":"(anonymous_6)","decl":{"start":{"line":61,"column":25},"end":{"line":61,"column":26}},"loc":{"start":{"line":61,"column":31},"end":{"line":65,"column":2}},"line":61},"7":{"name":"(anonymous_7)","decl":{"start":{"line":67,"column":16},"end":{"line":67,"column":17}},"loc":{"start":{"line":67,"column":22},"end":{"line":69,"column":2}},"line":67},"8":{"name":"(anonymous_8)","decl":{"start":{"line":70,"column":20},"end":{"line":70,"column":21}},"loc":{"start":{"line":70,"column":26},"end":{"line":72,"column":2}},"line":70},"9":{"name":"(anonymous_9)","decl":{"start":{"line":74,"column":26},"end":{"line":74,"column":27}},"loc":{"start":{"line":74,"column":36},"end":{"line":76,"column":2}},"line":74},"10":{"name":"(anonymous_10)","decl":{"start":{"line":78,"column":34},"end":{"line":78,"column":35}},"loc":{"start":{"line":78,"column":40},"end":{"line":82,"column":2}},"line":78},"11":{"name":"(anonymous_11)","decl":{"start":{"line":208,"column":33},"end":{"line":208,"column":34}},"loc":{"start":{"line":208,"column":47},"end":{"line":262,"column":12}},"line":208},"12":{"name":"(anonymous_12)","decl":{"start":{"line":240,"column":26},"end":{"line":240,"column":27}},"loc":{"start":{"line":240,"column":32},"end":{"line":240,"column":45}},"line":240},"13":{"name":"(anonymous_13)","decl":{"start":{"line":255,"column":27},"end":{"line":255,"column":28}},"loc":{"start":{"line":255,"column":33},"end":{"line":255,"column":48}},"line":255},"14":{"name":"(anonymous_14)","decl":{"start":{"line":281,"column":20},"end":{"line":281,"column":21}},"loc":{"start":{"line":281,"column":30},"end":{"line":281,"column":50}},"line":281},"15":{"name":"(anonymous_15)","decl":{"start":{"line":319,"column":17},"end":{"line":319,"column":18}},"loc":{"start":{"line":319,"column":23},"end":{"line":322,"column":9}},"line":319},"16":{"name":"(anonymous_16)","decl":{"start":{"line":363,"column":19},"end":{"line":363,"column":20}},"loc":{"start":{"line":363,"column":25},"end":{"line":366,"column":11}},"line":363},"17":{"name":"(anonymous_17)","decl":{"start":{"line":387,"column":24},"end":{"line":387,"column":25}},"loc":{"start":{"line":387,"column":35},"end":{"line":393,"column":1}},"line":387},"18":{"name":"(anonymous_18)","decl":{"start":{"line":395,"column":27},"end":{"line":395,"column":28}},"loc":{"start":{"line":395,"column":41},"end":{"line":403,"column":1}},"line":395},"19":{"name":"(anonymous_19)","decl":{"start":{"line":397,"column":17},"end":{"line":397,"column":18}},"loc":{"start":{"line":398,"column":3},"end":{"line":398,"column":66}},"line":398},"20":{"name":"(anonymous_20)","decl":{"start":{"line":399,"column":21},"end":{"line":399,"column":22}},"loc":{"start":{"line":399,"column":33},"end":{"line":399,"column":73}},"line":399},"21":{"name":"(anonymous_21)","decl":{"start":{"line":400,"column":15},"end":{"line":400,"column":16}},"loc":{"start":{"line":400,"column":24},"end":{"line":400,"column":56}},"line":400},"22":{"name":"(anonymous_22)","decl":{"start":{"line":401,"column":13},"end":{"line":401,"column":14}},"loc":{"start":{"line":401,"column":21},"end":{"line":401,"column":50}},"line":401}},"branchMap":{"0":{"loc":{"start":{"line":84,"column":1},"end":{"line":86,"column":2}},"type":"if","locations":[{"start":{"line":84,"column":1},"end":{"line":86,"column":2}},{"start":{"line":84,"column":1},"end":{"line":86,"column":2}}],"line":84},"1":{"loc":{"start":{"line":103,"column":13},"end":{"line":109,"column":13}},"type":"cond-expr","locations":[{"start":{"line":104,"column":13},"end":{"line":104,"column":15}},{"start":{"line":106,"column":13},"end":{"line":108,"column":20}}],"line":103},"2":{"loc":{"start":{"line":103,"column":13},"end":{"line":103,"column":62}},"type":"binary-expr","locations":[{"start":{"line":103,"column":13},"end":{"line":103,"column":30}},{"start":{"line":103,"column":34},"end":{"line":103,"column":62}}],"line":103},"3":{"loc":{"start":{"line":129,"column":13},"end":{"line":136,"column":13}},"type":"cond-expr","locations":[{"start":{"line":131,"column":13},"end":{"line":131,"column":15}},{"start":{"line":133,"column":13},"end":{"line":135,"column":20}}],"line":129},"4":{"loc":{"start":{"line":129,"column":13},"end":{"line":130,"column":46}},"type":"binary-expr","locations":[{"start":{"line":129,"column":13},"end":{"line":129,"column":30}},{"start":{"line":130,"column":12},"end":{"line":130,"column":46}}],"line":129},"5":{"loc":{"start":{"line":207,"column":11},"end":{"line":262,"column":13}},"type":"binary-expr","locations":[{"start":{"line":207,"column":11},"end":{"line":207,"column":37}},{"start":{"line":208,"column":11},"end":{"line":262,"column":13}}],"line":207},"6":{"loc":{"start":{"line":265,"column":9},"end":{"line":270,"column":10}},"type":"binary-expr","locations":[{"start":{"line":265,"column":9},"end":{"line":265,"column":35}},{"start":{"line":266,"column":9},"end":{"line":266,"column":40}},{"start":{"line":267,"column":10},"end":{"line":269,"column":16}}],"line":265}},"s":{"0":0,"1":0,"2":0,"3":0,"4":0,"5":0,"6":0,"7":0,"8":0,"9":0,"10":0,"11":0,"12":0,"13":0,"14":0,"15":0,"16":0,"17":0,"18":0,"19":0,"20":0,"21":0,"22":0,"23":0,"24":0,"25":0,"26":0,"27":0,"28":0,"29":0,"30":0,"31":0,"32":0,"33":0,"34":0,"35":0,"36":0,"37":0,"38":0,"39":0,"40":0,"41":0,"42":0,"43":0,"44":0,"45":0,"46":0,"47":0,"48":0,"49":0,"50":0,"51":0,"52":0,"53":0,"54":0,"55":0,"56":0,"57":0,"58":0,"59":0,"60":0},"f":{"0":0,"1":0,"2":0,"3":0,"4":0,"5":0,"6":0,"7":0,"8":0,"9":0,"10":0,"11":0,"12":0,"13":0,"14":0,"15":0,"16":0,"17":0,"18":0,"19":0,"20":0,"21":0,"22":0},"b":{"0":[0,0],"1":[0,0],"2":[0,0],"3":[0,0],"4":[0,0],"5":[0,0],"6":[0,0,0]}}
,"E:\\PESTO_Aucti\\aucti_firebase\\Aucti\\aucti-web\\src\\components\\Pages\\Dashboards\\Buyer\\CheckoutForm.js": {"path":"E:\\PESTO_Aucti\\aucti_firebase\\Aucti\\aucti-web\\src\\components\\Pages\\Dashboards\\Buyer\\CheckoutForm.js","statementMap":{"0":{"start":{"line":21,"column":21},"end":{"line":43,"column":1}},"1":{"start":{"line":45,"column":18},"end":{"line":49,"column":1}},"2":{"start":{"line":46,"column":1},"end":{"line":48,"column":7}},"3":{"start":{"line":51,"column":14},"end":{"line":76,"column":1}},"4":{"start":{"line":61,"column":1},"end":{"line":75,"column":7}},"5":{"start":{"line":78,"column":21},"end":{"line":86,"column":1}},"6":{"start":{"line":79,"column":1},"end":{"line":85,"column":10}},"7":{"start":{"line":88,"column":21},"end":{"line":102,"column":1}},"8":{"start":{"line":89,"column":1},"end":{"line":101,"column":7}},"9":{"start":{"line":104,"column":20},"end":{"line":113,"column":1}},"10":{"start":{"line":105,"column":1},"end":{"line":112,"column":10}},"11":{"start":{"line":115,"column":21},"end":{"line":329,"column":1}},"12":{"start":{"line":116,"column":41},"end":{"line":116,"column":46}},"13":{"start":{"line":117,"column":16},"end":{"line":117,"column":27}},"14":{"start":{"line":118,"column":18},"end":{"line":118,"column":31}},"15":{"start":{"line":119,"column":27},"end":{"line":119,"column":41}},"16":{"start":{"line":120,"column":41},"end":{"line":120,"column":56}},"17":{"start":{"line":121,"column":37},"end":{"line":121,"column":52}},"18":{"start":{"line":122,"column":43},"end":{"line":122,"column":57}},"19":{"start":{"line":123,"column":45},"end":{"line":127,"column":3}},"20":{"start":{"line":128,"column":31},"end":{"line":128,"column":43}},"21":{"start":{"line":130,"column":1},"end":{"line":133,"column":8}},"22":{"start":{"line":132,"column":2},"end":{"line":132,"column":34}},"23":{"start":{"line":135,"column":25},"end":{"line":142,"column":2}},"24":{"start":{"line":136,"column":2},"end":{"line":136,"column":18}},"25":{"start":{"line":137,"column":2},"end":{"line":141,"column":3}},"26":{"start":{"line":138,"column":3},"end":{"line":138,"column":61}},"27":{"start":{"line":138,"column":43},"end":{"line":138,"column":58}},"28":{"start":{"line":140,"column":3},"end":{"line":140,"column":32}},"29":{"start":{"line":144,"column":22},"end":{"line":183,"column":2}},"30":{"start":{"line":145,"column":2},"end":{"line":145,"column":25}},"31":{"start":{"line":146,"column":16},"end":{"line":146,"column":38}},"32":{"start":{"line":146,"column":36},"end":{"line":146,"column":37}},"33":{"start":{"line":147,"column":2},"end":{"line":147,"column":21}},"34":{"start":{"line":149,"column":2},"end":{"line":153,"column":3}},"35":{"start":{"line":152,"column":3},"end":{"line":152,"column":10}},"36":{"start":{"line":155,"column":2},"end":{"line":158,"column":3}},"37":{"start":{"line":156,"column":3},"end":{"line":156,"column":39}},"38":{"start":{"line":157,"column":3},"end":{"line":157,"column":10}},"39":{"start":{"line":160,"column":2},"end":{"line":165,"column":3}},"40":{"start":{"line":161,"column":3},"end":{"line":161,"column":23}},"41":{"start":{"line":163,"column":3},"end":{"line":163,"column":36}},"42":{"start":{"line":164,"column":3},"end":{"line":164,"column":10}},"43":{"start":{"line":167,"column":18},"end":{"line":171,"column":4}},"44":{"start":{"line":173,"column":2},"end":{"line":173,"column":23}},"45":{"start":{"line":175,"column":2},"end":{"line":182,"column":3}},"46":{"start":{"line":176,"column":3},"end":{"line":176,"column":27}},"47":{"start":{"line":178,"column":3},"end":{"line":178,"column":43}},"48":{"start":{"line":179,"column":17},"end":{"line":179,"column":39}},"49":{"start":{"line":179,"column":37},"end":{"line":179,"column":38}},"50":{"start":{"line":180,"column":18},"end":{"line":180,"column":39}},"51":{"start":{"line":181,"column":3},"end":{"line":181,"column":46}},"52":{"start":{"line":185,"column":15},"end":{"line":194,"column":2}},"53":{"start":{"line":186,"column":2},"end":{"line":186,"column":17}},"54":{"start":{"line":187,"column":2},"end":{"line":187,"column":23}},"55":{"start":{"line":188,"column":2},"end":{"line":188,"column":25}},"56":{"start":{"line":189,"column":2},"end":{"line":193,"column":5}},"57":{"start":{"line":196,"column":1},"end":{"line":328,"column":3}},"58":{"start":{"line":221,"column":8},"end":{"line":250,"column":10}},"59":{"start":{"line":243,"column":31},"end":{"line":243,"column":52}},"60":{"start":{"line":272,"column":8},"end":{"line":275,"column":11}},"61":{"start":{"line":287,"column":8},"end":{"line":290,"column":11}},"62":{"start":{"line":302,"column":8},"end":{"line":305,"column":11}},"63":{"start":{"line":312,"column":8},"end":{"line":312,"column":26}},"64":{"start":{"line":313,"column":8},"end":{"line":313,"column":36}},"65":{"start":{"line":331,"column":24},"end":{"line":338,"column":1}},"66":{"start":{"line":332,"column":1},"end":{"line":337,"column":3}},"67":{"start":{"line":340,"column":27},"end":{"line":347,"column":1}},"68":{"start":{"line":341,"column":1},"end":{"line":346,"column":3}},"69":{"start":{"line":342,"column":27},"end":{"line":342,"column":62}},"70":{"start":{"line":345,"column":3},"end":{"line":345,"column":57}}},"fnMap":{"0":{"name":"(anonymous_0)","decl":{"start":{"line":45,"column":18},"end":{"line":45,"column":19}},"loc":{"start":{"line":46,"column":1},"end":{"line":48,"column":7}},"line":46},"1":{"name":"(anonymous_1)","decl":{"start":{"line":51,"column":14},"end":{"line":51,"column":15}},"loc":{"start":{"line":61,"column":1},"end":{"line":75,"column":7}},"line":61},"2":{"name":"(anonymous_2)","decl":{"start":{"line":78,"column":21},"end":{"line":78,"column":22}},"loc":{"start":{"line":79,"column":1},"end":{"line":85,"column":10}},"line":79},"3":{"name":"(anonymous_3)","decl":{"start":{"line":88,"column":21},"end":{"line":88,"column":22}},"loc":{"start":{"line":89,"column":1},"end":{"line":101,"column":7}},"line":89},"4":{"name":"(anonymous_4)","decl":{"start":{"line":104,"column":20},"end":{"line":104,"column":21}},"loc":{"start":{"line":105,"column":1},"end":{"line":112,"column":10}},"line":105},"5":{"name":"(anonymous_5)","decl":{"start":{"line":115,"column":21},"end":{"line":115,"column":22}},"loc":{"start":{"line":115,"column":32},"end":{"line":329,"column":1}},"line":115},"6":{"name":"(anonymous_6)","decl":{"start":{"line":130,"column":11},"end":{"line":130,"column":12}},"loc":{"start":{"line":130,"column":17},"end":{"line":133,"column":2}},"line":130},"7":{"name":"(anonymous_7)","decl":{"start":{"line":135,"column":25},"end":{"line":135,"column":26}},"loc":{"start":{"line":135,"column":33},"end":{"line":142,"column":2}},"line":135},"8":{"name":"(anonymous_8)","decl":{"start":{"line":138,"column":29},"end":{"line":138,"column":30}},"loc":{"start":{"line":138,"column":43},"end":{"line":138,"column":58}},"line":138},"9":{"name":"(anonymous_9)","decl":{"start":{"line":144,"column":22},"end":{"line":144,"column":23}},"loc":{"start":{"line":144,"column":39},"end":{"line":183,"column":2}},"line":144},"10":{"name":"(anonymous_10)","decl":{"start":{"line":146,"column":29},"end":{"line":146,"column":30}},"loc":{"start":{"line":146,"column":36},"end":{"line":146,"column":37}},"line":146},"11":{"name":"(anonymous_11)","decl":{"start":{"line":179,"column":30},"end":{"line":179,"column":31}},"loc":{"start":{"line":179,"column":37},"end":{"line":179,"column":38}},"line":179},"12":{"name":"(anonymous_12)","decl":{"start":{"line":185,"column":15},"end":{"line":185,"column":16}},"loc":{"start":{"line":185,"column":21},"end":{"line":194,"column":2}},"line":185},"13":{"name":"(anonymous_13)","decl":{"start":{"line":220,"column":21},"end":{"line":220,"column":22}},"loc":{"start":{"line":220,"column":28},"end":{"line":251,"column":8}},"line":220},"14":{"name":"(anonymous_14)","decl":{"start":{"line":243,"column":25},"end":{"line":243,"column":26}},"loc":{"start":{"line":243,"column":31},"end":{"line":243,"column":52}},"line":243},"15":{"name":"(anonymous_15)","decl":{"start":{"line":271,"column":17},"end":{"line":271,"column":18}},"loc":{"start":{"line":271,"column":24},"end":{"line":276,"column":8}},"line":271},"16":{"name":"(anonymous_16)","decl":{"start":{"line":286,"column":17},"end":{"line":286,"column":18}},"loc":{"start":{"line":286,"column":24},"end":{"line":291,"column":8}},"line":286},"17":{"name":"(anonymous_17)","decl":{"start":{"line":301,"column":17},"end":{"line":301,"column":18}},"loc":{"start":{"line":301,"column":24},"end":{"line":306,"column":8}},"line":301},"18":{"name":"(anonymous_18)","decl":{"start":{"line":311,"column":17},"end":{"line":311,"column":18}},"loc":{"start":{"line":311,"column":24},"end":{"line":314,"column":8}},"line":311},"19":{"name":"(anonymous_19)","decl":{"start":{"line":331,"column":24},"end":{"line":331,"column":25}},"loc":{"start":{"line":331,"column":35},"end":{"line":338,"column":1}},"line":331},"20":{"name":"(anonymous_20)","decl":{"start":{"line":340,"column":27},"end":{"line":340,"column":28}},"loc":{"start":{"line":340,"column":41},"end":{"line":347,"column":1}},"line":340},"21":{"name":"(anonymous_21)","decl":{"start":{"line":342,"column":19},"end":{"line":342,"column":20}},"loc":{"start":{"line":342,"column":27},"end":{"line":342,"column":62}},"line":342},"22":{"name":"(anonymous_22)","decl":{"start":{"line":344,"column":15},"end":{"line":344,"column":16}},"loc":{"start":{"line":345,"column":3},"end":{"line":345,"column":57}},"line":345}},"branchMap":{"0":{"loc":{"start":{"line":80,"column":37},"end":{"line":80,"column":71}},"type":"cond-expr","locations":[{"start":{"line":80,"column":45},"end":{"line":80,"column":66}},{"start":{"line":80,"column":69},"end":{"line":80,"column":71}}],"line":80},"1":{"loc":{"start":{"line":82,"column":12},"end":{"line":82,"column":34}},"type":"binary-expr","locations":[{"start":{"line":82,"column":12},"end":{"line":82,"column":22}},{"start":{"line":82,"column":26},"end":{"line":82,"column":34}}],"line":82},"2":{"loc":{"start":{"line":84,"column":3},"end":{"line":84,"column":42}},"type":"cond-expr","locations":[{"start":{"line":84,"column":16},"end":{"line":84,"column":31}},{"start":{"line":84,"column":34},"end":{"line":84,"column":42}}],"line":84},"3":{"loc":{"start":{"line":137,"column":2},"end":{"line":141,"column":3}},"type":"if","locations":[{"start":{"line":137,"column":2},"end":{"line":141,"column":3}},{"start":{"line":137,"column":2},"end":{"line":141,"column":3}}],"line":137},"4":{"loc":{"start":{"line":149,"column":2},"end":{"line":153,"column":3}},"type":"if","locations":[{"start":{"line":149,"column":2},"end":{"line":153,"column":3}},{"start":{"line":149,"column":2},"end":{"line":153,"column":3}}],"line":149},"5":{"loc":{"start":{"line":149,"column":6},"end":{"line":149,"column":26}},"type":"binary-expr","locations":[{"start":{"line":149,"column":6},"end":{"line":149,"column":13}},{"start":{"line":149,"column":17},"end":{"line":149,"column":26}}],"line":149},"6":{"loc":{"start":{"line":155,"column":2},"end":{"line":158,"column":3}},"type":"if","locations":[{"start":{"line":155,"column":2},"end":{"line":158,"column":3}},{"start":{"line":155,"column":2},"end":{"line":158,"column":3}}],"line":155},"7":{"loc":{"start":{"line":160,"column":2},"end":{"line":165,"column":3}},"type":"if","locations":[{"start":{"line":160,"column":2},"end":{"line":165,"column":3}},{"start":{"line":160,"column":2},"end":{"line":165,"column":3}}],"line":160},"8":{"loc":{"start":{"line":160,"column":6},"end":{"line":160,"column":27}},"type":"binary-expr","locations":[{"start":{"line":160,"column":6},"end":{"line":160,"column":18}},{"start":{"line":160,"column":22},"end":{"line":160,"column":27}}],"line":160},"9":{"loc":{"start":{"line":175,"column":2},"end":{"line":182,"column":3}},"type":"if","locations":[{"start":{"line":175,"column":2},"end":{"line":182,"column":3}},{"start":{"line":175,"column":2},"end":{"line":182,"column":3}}],"line":175},"10":{"loc":{"start":{"line":196,"column":8},"end":{"line":328,"column":2}},"type":"cond-expr","locations":[{"start":{"line":197,"column":2},"end":{"line":206,"column":8}},{"start":{"line":208,"column":2},"end":{"line":327,"column":8}}],"line":196},"11":{"loc":{"start":{"line":219,"column":7},"end":{"line":251,"column":9}},"type":"binary-expr","locations":[{"start":{"line":219,"column":7},"end":{"line":219,"column":25}},{"start":{"line":220,"column":7},"end":{"line":251,"column":9}}],"line":219},"12":{"loc":{"start":{"line":241,"column":16},"end":{"line":241,"column":61}},"type":"binary-expr","locations":[{"start":{"line":241,"column":16},"end":{"line":241,"column":39}},{"start":{"line":241,"column":43},"end":{"line":241,"column":61}}],"line":241},"13":{"loc":{"start":{"line":253,"column":6},"end":{"line":257,"column":6}},"type":"binary-expr","locations":[{"start":{"line":253,"column":6},"end":{"line":253,"column":24}},{"start":{"line":253,"column":28},"end":{"line":253,"column":50}},{"start":{"line":254,"column":6},"end":{"line":256,"column":12}}],"line":253},"14":{"loc":{"start":{"line":317,"column":6},"end":{"line":317,"column":59}},"type":"binary-expr","locations":[{"start":{"line":317,"column":6},"end":{"line":317,"column":11}},{"start":{"line":317,"column":15},"end":{"line":317,"column":59}}],"line":317}},"s":{"0":0,"1":0,"2":0,"3":0,"4":0,"5":0,"6":0,"7":0,"8":0,"9":0,"10":0,"11":0,"12":0,"13":0,"14":0,"15":0,"16":0,"17":0,"18":0,"19":0,"20":0,"21":0,"22":0,"23":0,"24":0,"25":0,"26":0,"27":0,"28":0,"29":0,"30":0,"31":0,"32":0,"33":0,"34":0,"35":0,"36":0,"37":0,"38":0,"39":0,"40":0,"41":0,"42":0,"43":0,"44":0,"45":0,"46":0,"47":0,"48":0,"49":0,"50":0,"51":0,"52":0,"53":0,"54":0,"55":0,"56":0,"57":0,"58":0,"59":0,"60":0,"61":0,"62":0,"63":0,"64":0,"65":0,"66":0,"67":0,"68":0,"69":0,"70":0},"f":{"0":0,"1":0,"2":0,"3":0,"4":0,"5":0,"6":0,"7":0,"8":0,"9":0,"10":0,"11":0,"12":0,"13":0,"14":0,"15":0,"16":0,"17":0,"18":0,"19":0,"20":0,"21":0,"22":0},"b":{"0":[0,0],"1":[0,0],"2":[0,0],"3":[0,0],"4":[0,0],"5":[0,0],"6":[0,0],"7":[0,0],"8":[0,0],"9":[0,0],"10":[0,0],"11":[0,0],"12":[0,0],"13":[0,0,0],"14":[0,0]}}
,"E:\\PESTO_Aucti\\aucti_firebase\\Aucti\\aucti-web\\src\\components\\Pages\\Dashboards\\Seller\\SellerAddProduct.js": {"path":"E:\\PESTO_Aucti\\aucti_firebase\\Aucti\\aucti-web\\src\\components\\Pages\\Dashboards\\Seller\\SellerAddProduct.js","statementMap":{"0":{"start":{"line":6,"column":25},"end":{"line":274,"column":1}},"1":{"start":{"line":7,"column":36},"end":{"line":7,"column":41}},"2":{"start":{"line":9,"column":31},"end":{"line":9,"column":46}},"3":{"start":{"line":10,"column":27},"end":{"line":10,"column":39}},"4":{"start":{"line":11,"column":47},"end":{"line":11,"column":59}},"5":{"start":{"line":12,"column":49},"end":{"line":12,"column":61}},"6":{"start":{"line":13,"column":39},"end":{"line":13,"column":51}},"7":{"start":{"line":14,"column":37},"end":{"line":14,"column":49}},"8":{"start":{"line":15,"column":27},"end":{"line":15,"column":39}},"9":{"start":{"line":17,"column":22},"end":{"line":50,"column":2}},"10":{"start":{"line":18,"column":2},"end":{"line":18,"column":21}},"11":{"start":{"line":19,"column":14},"end":{"line":19,"column":18}},"12":{"start":{"line":20,"column":2},"end":{"line":49,"column":3}},"13":{"start":{"line":21,"column":3},"end":{"line":21,"column":37}},"14":{"start":{"line":22,"column":3},"end":{"line":22,"column":17}},"15":{"start":{"line":23,"column":9},"end":{"line":49,"column":3}},"16":{"start":{"line":24,"column":3},"end":{"line":24,"column":43}},"17":{"start":{"line":25,"column":3},"end":{"line":25,"column":17}},"18":{"start":{"line":26,"column":9},"end":{"line":49,"column":3}},"19":{"start":{"line":27,"column":3},"end":{"line":27,"column":42}},"20":{"start":{"line":28,"column":3},"end":{"line":28,"column":17}},"21":{"start":{"line":29,"column":9},"end":{"line":49,"column":3}},"22":{"start":{"line":30,"column":3},"end":{"line":30,"column":41}},"23":{"start":{"line":31,"column":3},"end":{"line":31,"column":17}},"24":{"start":{"line":32,"column":9},"end":{"line":49,"column":3}},"25":{"start":{"line":33,"column":3},"end":{"line":33,"column":48}},"26":{"start":{"line":34,"column":3},"end":{"line":34,"column":17}},"27":{"start":{"line":35,"column":9},"end":{"line":49,"column":3}},"28":{"start":{"line":36,"column":3},"end":{"line":36,"column":47}},"29":{"start":{"line":37,"column":3},"end":{"line":37,"column":17}},"30":{"start":{"line":38,"column":9},"end":{"line":49,"column":3}},"31":{"start":{"line":39,"column":3},"end":{"line":42,"column":5}},"32":{"start":{"line":43,"column":3},"end":{"line":43,"column":16}},"33":{"start":{"line":44,"column":3},"end":{"line":44,"column":26}},"34":{"start":{"line":45,"column":3},"end":{"line":45,"column":22}},"35":{"start":{"line":46,"column":3},"end":{"line":46,"column":21}},"36":{"start":{"line":47,"column":3},"end":{"line":47,"column":16}},"37":{"start":{"line":48,"column":3},"end":{"line":48,"column":20}},"38":{"start":{"line":52,"column":1},"end":{"line":57,"column":24}},"39":{"start":{"line":53,"column":2},"end":{"line":53,"column":39}},"40":{"start":{"line":54,"column":2},"end":{"line":56,"column":3}},"41":{"start":{"line":55,"column":3},"end":{"line":55,"column":21}},"42":{"start":{"line":59,"column":1},"end":{"line":61,"column":2}},"43":{"start":{"line":60,"column":2},"end":{"line":60,"column":27}},"44":{"start":{"line":63,"column":18},"end":{"line":91,"column":2}},"45":{"start":{"line":64,"column":2},"end":{"line":90,"column":3}},"46":{"start":{"line":65,"column":3},"end":{"line":81,"column":5}},"47":{"start":{"line":83,"column":3},"end":{"line":89,"column":5}},"48":{"start":{"line":93,"column":1},"end":{"line":273,"column":3}},"49":{"start":{"line":115,"column":29},"end":{"line":115,"column":53}},"50":{"start":{"line":127,"column":29},"end":{"line":127,"column":64}},"51":{"start":{"line":153,"column":30},"end":{"line":153,"column":60}},"52":{"start":{"line":179,"column":30},"end":{"line":179,"column":59}},"53":{"start":{"line":216,"column":17},"end":{"line":216,"column":54}},"54":{"start":{"line":276,"column":24},"end":{"line":281,"column":1}},"55":{"start":{"line":277,"column":1},"end":{"line":280,"column":3}},"56":{"start":{"line":283,"column":27},"end":{"line":288,"column":1}},"57":{"start":{"line":284,"column":1},"end":{"line":287,"column":3}},"58":{"start":{"line":286,"column":3},"end":{"line":286,"column":55}}},"fnMap":{"0":{"name":"(anonymous_0)","decl":{"start":{"line":6,"column":25},"end":{"line":6,"column":26}},"loc":{"start":{"line":6,"column":36},"end":{"line":274,"column":1}},"line":6},"1":{"name":"(anonymous_1)","decl":{"start":{"line":17,"column":22},"end":{"line":17,"column":23}},"loc":{"start":{"line":17,"column":29},"end":{"line":50,"column":2}},"line":17},"2":{"name":"(anonymous_2)","decl":{"start":{"line":52,"column":11},"end":{"line":52,"column":12}},"loc":{"start":{"line":52,"column":17},"end":{"line":57,"column":2}},"line":52},"3":{"name":"(anonymous_3)","decl":{"start":{"line":63,"column":18},"end":{"line":63,"column":19}},"loc":{"start":{"line":63,"column":24},"end":{"line":91,"column":2}},"line":63},"4":{"name":"(anonymous_4)","decl":{"start":{"line":115,"column":22},"end":{"line":115,"column":23}},"loc":{"start":{"line":115,"column":29},"end":{"line":115,"column":53}},"line":115},"5":{"name":"(anonymous_5)","decl":{"start":{"line":127,"column":22},"end":{"line":127,"column":23}},"loc":{"start":{"line":127,"column":29},"end":{"line":127,"column":64}},"line":127},"6":{"name":"(anonymous_6)","decl":{"start":{"line":153,"column":23},"end":{"line":153,"column":24}},"loc":{"start":{"line":153,"column":30},"end":{"line":153,"column":60}},"line":153},"7":{"name":"(anonymous_7)","decl":{"start":{"line":179,"column":23},"end":{"line":179,"column":24}},"loc":{"start":{"line":179,"column":30},"end":{"line":179,"column":59}},"line":179},"8":{"name":"(anonymous_8)","decl":{"start":{"line":215,"column":26},"end":{"line":215,"column":27}},"loc":{"start":{"line":216,"column":17},"end":{"line":216,"column":54}},"line":216},"9":{"name":"(anonymous_9)","decl":{"start":{"line":276,"column":24},"end":{"line":276,"column":25}},"loc":{"start":{"line":276,"column":35},"end":{"line":281,"column":1}},"line":276},"10":{"name":"(anonymous_10)","decl":{"start":{"line":283,"column":27},"end":{"line":283,"column":28}},"loc":{"start":{"line":283,"column":41},"end":{"line":288,"column":1}},"line":283},"11":{"name":"(anonymous_11)","decl":{"start":{"line":285,"column":17},"end":{"line":285,"column":18}},"loc":{"start":{"line":286,"column":3},"end":{"line":286,"column":55}},"line":286}},"branchMap":{"0":{"loc":{"start":{"line":20,"column":2},"end":{"line":49,"column":3}},"type":"if","locations":[{"start":{"line":20,"column":2},"end":{"line":49,"column":3}},{"start":{"line":20,"column":2},"end":{"line":49,"column":3}}],"line":20},"1":{"loc":{"start":{"line":23,"column":9},"end":{"line":49,"column":3}},"type":"if","locations":[{"start":{"line":23,"column":9},"end":{"line":49,"column":3}},{"start":{"line":23,"column":9},"end":{"line":49,"column":3}}],"line":23},"2":{"loc":{"start":{"line":26,"column":9},"end":{"line":49,"column":3}},"type":"if","locations":[{"start":{"line":26,"column":9},"end":{"line":49,"column":3}},{"start":{"line":26,"column":9},"end":{"line":49,"column":3}}],"line":26},"3":{"loc":{"start":{"line":29,"column":9},"end":{"line":49,"column":3}},"type":"if","locations":[{"start":{"line":29,"column":9},"end":{"line":49,"column":3}},{"start":{"line":29,"column":9},"end":{"line":49,"column":3}}],"line":29},"4":{"loc":{"start":{"line":32,"column":9},"end":{"line":49,"column":3}},"type":"if","locations":[{"start":{"line":32,"column":9},"end":{"line":49,"column":3}},{"start":{"line":32,"column":9},"end":{"line":49,"column":3}}],"line":32},"5":{"loc":{"start":{"line":35,"column":9},"end":{"line":49,"column":3}},"type":"if","locations":[{"start":{"line":35,"column":9},"end":{"line":49,"column":3}},{"start":{"line":35,"column":9},"end":{"line":49,"column":3}}],"line":35},"6":{"loc":{"start":{"line":38,"column":9},"end":{"line":49,"column":3}},"type":"if","locations":[{"start":{"line":38,"column":9},"end":{"line":49,"column":3}},{"start":{"line":38,"column":9},"end":{"line":49,"column":3}}],"line":38},"7":{"loc":{"start":{"line":54,"column":2},"end":{"line":56,"column":3}},"type":"if","locations":[{"start":{"line":54,"column":2},"end":{"line":56,"column":3}},{"start":{"line":54,"column":2},"end":{"line":56,"column":3}}],"line":54},"8":{"loc":{"start":{"line":59,"column":1},"end":{"line":61,"column":2}},"type":"if","locations":[{"start":{"line":59,"column":1},"end":{"line":61,"column":2}},{"start":{"line":59,"column":1},"end":{"line":61,"column":2}}],"line":59},"9":{"loc":{"start":{"line":64,"column":2},"end":{"line":90,"column":3}},"type":"if","locations":[{"start":{"line":64,"column":2},"end":{"line":90,"column":3}},{"start":{"line":64,"column":2},"end":{"line":90,"column":3}}],"line":64}},"s":{"0":0,"1":0,"2":0,"3":0,"4":0,"5":0,"6":0,"7":0,"8":0,"9":0,"10":0,"11":0,"12":0,"13":0,"14":0,"15":0,"16":0,"17":0,"18":0,"19":0,"20":0,"21":0,"22":0,"23":0,"24":0,"25":0,"26":0,"27":0,"28":0,"29":0,"30":0,"31":0,"32":0,"33":0,"34":0,"35":0,"36":0,"37":0,"38":0,"39":0,"40":0,"41":0,"42":0,"43":0,"44":0,"45":0,"46":0,"47":0,"48":0,"49":0,"50":0,"51":0,"52":0,"53":0,"54":0,"55":0,"56":0,"57":0,"58":0},"f":{"0":0,"1":0,"2":0,"3":0,"4":0,"5":0,"6":0,"7":0,"8":0,"9":0,"10":0,"11":0},"b":{"0":[0,0],"1":[0,0],"2":[0,0],"3":[0,0],"4":[0,0],"5":[0,0],"6":[0,0],"7":[0,0],"8":[0,0],"9":[0,0]}}
,"E:\\PESTO_Aucti\\aucti_firebase\\Aucti\\aucti-web\\src\\components\\Pages\\LandingPage\\LandingPage.js": {"path":"E:\\PESTO_Aucti\\aucti_firebase\\Aucti\\aucti-web\\src\\components\\Pages\\LandingPage\\LandingPage.js","statementMap":{"0":{"start":{"line":12,"column":15},"end":{"line":12,"column":16}},"1":{"start":{"line":14,"column":23},"end":{"line":14,"column":28}},"2":{"start":{"line":16,"column":40},"end":{"line":16,"column":51}},"3":{"start":{"line":17,"column":32},"end":{"line":17,"column":46}},"4":{"start":{"line":18,"column":50},"end":{"line":18,"column":73}},"5":{"start":{"line":19,"column":2},"end":{"line":23,"column":20}},"6":{"start":{"line":20,"column":46},"end":{"line":20,"column":62}},"7":{"start":{"line":22,"column":4},"end":{"line":22,"column":53}},"8":{"start":{"line":25,"column":2},"end":{"line":30,"column":17}},"9":{"start":{"line":26,"column":4},"end":{"line":29,"column":5}},"10":{"start":{"line":27,"column":6},"end":{"line":27,"column":41}},"11":{"start":{"line":28,"column":6},"end":{"line":28,"column":24}},"12":{"start":{"line":32,"column":17},"end":{"line":35,"column":3}},"13":{"start":{"line":33,"column":4},"end":{"line":33,"column":21}},"14":{"start":{"line":34,"column":4},"end":{"line":34,"column":36}},"15":{"start":{"line":36,"column":21},"end":{"line":39,"column":3}},"16":{"start":{"line":37,"column":4},"end":{"line":37,"column":21}},"17":{"start":{"line":38,"column":4},"end":{"line":38,"column":36}},"18":{"start":{"line":41,"column":27},"end":{"line":44,"column":3}},"19":{"start":{"line":42,"column":4},"end":{"line":42,"column":21}},"20":{"start":{"line":43,"column":4},"end":{"line":43,"column":25}},"21":{"start":{"line":46,"column":27},"end":{"line":50,"column":19}},"22":{"start":{"line":47,"column":27},"end":{"line":47,"column":55}},"23":{"start":{"line":48,"column":26},"end":{"line":48,"column":51}},"24":{"start":{"line":49,"column":4},"end":{"line":49,"column":45}},"25":{"start":{"line":52,"column":2},"end":{"line":54,"column":3}},"26":{"start":{"line":53,"column":4},"end":{"line":53,"column":34}},"27":{"start":{"line":55,"column":2},"end":{"line":87,"column":4}},"28":{"start":{"line":65,"column":12},"end":{"line":69,"column":27}},"29":{"start":{"line":80,"column":34},"end":{"line":80,"column":54}},"30":{"start":{"line":90,"column":24},"end":{"line":94,"column":1}},"31":{"start":{"line":91,"column":2},"end":{"line":93,"column":4}},"32":{"start":{"line":96,"column":27},"end":{"line":101,"column":1}},"33":{"start":{"line":97,"column":2},"end":{"line":100,"column":4}},"34":{"start":{"line":99,"column":6},"end":{"line":99,"column":64}}},"fnMap":{"0":{"name":"LandingPage","decl":{"start":{"line":13,"column":9},"end":{"line":13,"column":20}},"loc":{"start":{"line":13,"column":28},"end":{"line":88,"column":1}},"line":13},"1":{"name":"(anonymous_1)","decl":{"start":{"line":19,"column":12},"end":{"line":19,"column":13}},"loc":{"start":{"line":19,"column":18},"end":{"line":23,"column":3}},"line":19},"2":{"name":"(anonymous_2)","decl":{"start":{"line":25,"column":12},"end":{"line":25,"column":13}},"loc":{"start":{"line":25,"column":18},"end":{"line":30,"column":3}},"line":25},"3":{"name":"(anonymous_3)","decl":{"start":{"line":32,"column":17},"end":{"line":32,"column":18}},"loc":{"start":{"line":32,"column":23},"end":{"line":35,"column":3}},"line":32},"4":{"name":"(anonymous_4)","decl":{"start":{"line":36,"column":21},"end":{"line":36,"column":22}},"loc":{"start":{"line":36,"column":27},"end":{"line":39,"column":3}},"line":36},"5":{"name":"(anonymous_5)","decl":{"start":{"line":41,"column":27},"end":{"line":41,"column":28}},"loc":{"start":{"line":41,"column":37},"end":{"line":44,"column":3}},"line":41},"6":{"name":"(anonymous_6)","decl":{"start":{"line":46,"column":35},"end":{"line":46,"column":36}},"loc":{"start":{"line":46,"column":41},"end":{"line":50,"column":3}},"line":46},"7":{"name":"(anonymous_7)","decl":{"start":{"line":64,"column":31},"end":{"line":64,"column":32}},"loc":{"start":{"line":65,"column":12},"end":{"line":69,"column":27}},"line":65},"8":{"name":"(anonymous_8)","decl":{"start":{"line":80,"column":24},"end":{"line":80,"column":25}},"loc":{"start":{"line":80,"column":34},"end":{"line":80,"column":54}},"line":80},"9":{"name":"(anonymous_9)","decl":{"start":{"line":90,"column":24},"end":{"line":90,"column":25}},"loc":{"start":{"line":90,"column":35},"end":{"line":94,"column":1}},"line":90},"10":{"name":"(anonymous_10)","decl":{"start":{"line":96,"column":27},"end":{"line":96,"column":28}},"loc":{"start":{"line":96,"column":41},"end":{"line":101,"column":1}},"line":96},"11":{"name":"(anonymous_11)","decl":{"start":{"line":98,"column":17},"end":{"line":98,"column":18}},"loc":{"start":{"line":99,"column":6},"end":{"line":99,"column":64}},"line":99}},"branchMap":{"0":{"loc":{"start":{"line":26,"column":4},"end":{"line":29,"column":5}},"type":"if","locations":[{"start":{"line":26,"column":4},"end":{"line":29,"column":5}},{"start":{"line":26,"column":4},"end":{"line":29,"column":5}}],"line":26},"1":{"loc":{"start":{"line":26,"column":8},"end":{"line":26,"column":55}},"type":"binary-expr","locations":[{"start":{"line":26,"column":8},"end":{"line":26,"column":16}},{"start":{"line":26,"column":20},"end":{"line":26,"column":55}}],"line":26},"2":{"loc":{"start":{"line":52,"column":2},"end":{"line":54,"column":3}},"type":"if","locations":[{"start":{"line":52,"column":2},"end":{"line":54,"column":3}},{"start":{"line":52,"column":2},"end":{"line":54,"column":3}}],"line":52},"3":{"loc":{"start":{"line":63,"column":9},"end":{"line":70,"column":12}},"type":"binary-expr","locations":[{"start":{"line":63,"column":9},"end":{"line":63,"column":34}},{"start":{"line":64,"column":10},"end":{"line":70,"column":12}}],"line":63}},"s":{"0":1,"1":0,"2":0,"3":0,"4":0,"5":0,"6":0,"7":0,"8":0,"9":0,"10":0,"11":0,"12":0,"13":0,"14":0,"15":0,"16":0,"17":0,"18":0,"19":0,"20":0,"21":0,"22":0,"23":0,"24":0,"25":0,"26":0,"27":0,"28":0,"29":0,"30":1,"31":0,"32":1,"33":0,"34":0},"f":{"0":0,"1":0,"2":0,"3":0,"4":0,"5":0,"6":0,"7":0,"8":0,"9":0,"10":0,"11":0},"b":{"0":[0,0],"1":[0,0],"2":[0,0],"3":[0,0]},"_coverageSchema":"1a1c01bbd47fc00a2c39e90264f33305004495a9","hash":"969afc0ffa0ac2e6a8348365522c3cc0ec09bc3d"}
,"E:\\PESTO_Aucti\\aucti_firebase\\Aucti\\aucti-web\\src\\components\\Pages\\LandingPage\\LandingPageSkelton.js": {"path":"E:\\PESTO_Aucti\\aucti_firebase\\Aucti\\aucti-web\\src\\components\\Pages\\LandingPage\\LandingPageSkelton.js","statementMap":{"0":{"start":{"line":5,"column":27},"end":{"line":21,"column":1}},"1":{"start":{"line":6,"column":1},"end":{"line":20,"column":3}},"2":{"start":{"line":16,"column":6},"end":{"line":16,"column":38}}},"fnMap":{"0":{"name":"(anonymous_0)","decl":{"start":{"line":5,"column":27},"end":{"line":5,"column":28}},"loc":{"start":{"line":5,"column":33},"end":{"line":21,"column":1}},"line":5},"1":{"name":"(anonymous_1)","decl":{"start":{"line":15,"column":10},"end":{"line":15,"column":11}},"loc":{"start":{"line":16,"column":6},"end":{"line":16,"column":38}},"line":16}},"branchMap":{},"s":{"0":1,"1":0,"2":0},"f":{"0":0,"1":0},"b":{},"_coverageSchema":"1a1c01bbd47fc00a2c39e90264f33305004495a9","hash":"8d15e6a2dec09dd0b576e9a91d02a2075b69f7ef"}
,"E:\\PESTO_Aucti\\aucti_firebase\\Aucti\\aucti-web\\src\\components\\Pages\\ProductPage\\ProductPage.js": {"path":"E:\\PESTO_Aucti\\aucti_firebase\\Aucti\\aucti-web\\src\\components\\Pages\\ProductPage\\ProductPage.js","statementMap":{"0":{"start":{"line":18,"column":20},"end":{"line":283,"column":1}},"1":{"start":{"line":19,"column":28},"end":{"line":19,"column":33}},"2":{"start":{"line":20,"column":2},"end":{"line":24,"column":9}},"3":{"start":{"line":21,"column":13},"end":{"line":21,"column":34}},"4":{"start":{"line":22,"column":14},"end":{"line":22,"column":28}},"5":{"start":{"line":23,"column":4},"end":{"line":23,"column":25}},"6":{"start":{"line":26,"column":36},"end":{"line":26,"column":51}},"7":{"start":{"line":27,"column":36},"end":{"line":27,"column":48}},"8":{"start":{"line":28,"column":56},"end":{"line":28,"column":71}},"9":{"start":{"line":29,"column":42},"end":{"line":29,"column":59}},"10":{"start":{"line":30,"column":32},"end":{"line":30,"column":44}},"11":{"start":{"line":32,"column":2},"end":{"line":41,"column":30}},"12":{"start":{"line":33,"column":13},"end":{"line":33,"column":34}},"13":{"start":{"line":34,"column":4},"end":{"line":40,"column":5}},"14":{"start":{"line":35,"column":6},"end":{"line":35,"column":44}},"15":{"start":{"line":36,"column":6},"end":{"line":36,"column":23}},"16":{"start":{"line":38,"column":6},"end":{"line":38,"column":27}},"17":{"start":{"line":39,"column":6},"end":{"line":39,"column":23}},"18":{"start":{"line":43,"column":2},"end":{"line":48,"column":16}},"19":{"start":{"line":44,"column":4},"end":{"line":47,"column":5}},"20":{"start":{"line":45,"column":6},"end":{"line":45,"column":31}},"21":{"start":{"line":46,"column":6},"end":{"line":46,"column":24}},"22":{"start":{"line":50,"column":2},"end":{"line":56,"column":16}},"23":{"start":{"line":51,"column":4},"end":{"line":55,"column":5}},"24":{"start":{"line":52,"column":6},"end":{"line":52,"column":44}},"25":{"start":{"line":53,"column":11},"end":{"line":55,"column":5}},"26":{"start":{"line":54,"column":6},"end":{"line":54,"column":23}},"27":{"start":{"line":58,"column":23},"end":{"line":63,"column":3}},"28":{"start":{"line":59,"column":4},"end":{"line":61,"column":5}},"29":{"start":{"line":60,"column":6},"end":{"line":60,"column":29}},"30":{"start":{"line":62,"column":4},"end":{"line":62,"column":23}},"31":{"start":{"line":64,"column":22},"end":{"line":66,"column":3}},"32":{"start":{"line":65,"column":4},"end":{"line":65,"column":33}},"33":{"start":{"line":67,"column":23},"end":{"line":72,"column":3}},"34":{"start":{"line":68,"column":4},"end":{"line":68,"column":23}},"35":{"start":{"line":69,"column":4},"end":{"line":69,"column":50}},"36":{"start":{"line":70,"column":4},"end":{"line":70,"column":21}},"37":{"start":{"line":71,"column":4},"end":{"line":71,"column":24}},"38":{"start":{"line":74,"column":30},"end":{"line":76,"column":3}},"39":{"start":{"line":75,"column":4},"end":{"line":75,"column":35}},"40":{"start":{"line":78,"column":22},"end":{"line":81,"column":3}},"41":{"start":{"line":79,"column":4},"end":{"line":79,"column":46}},"42":{"start":{"line":80,"column":4},"end":{"line":80,"column":36}},"43":{"start":{"line":83,"column":2},"end":{"line":85,"column":3}},"44":{"start":{"line":84,"column":4},"end":{"line":84,"column":34}},"45":{"start":{"line":87,"column":2},"end":{"line":282,"column":4}},"46":{"start":{"line":227,"column":16},"end":{"line":227,"column":36}},"47":{"start":{"line":264,"column":20},"end":{"line":264,"column":52}},"48":{"start":{"line":285,"column":24},"end":{"line":290,"column":1}},"49":{"start":{"line":286,"column":2},"end":{"line":289,"column":4}},"50":{"start":{"line":292,"column":27},"end":{"line":302,"column":1}},"51":{"start":{"line":293,"column":2},"end":{"line":301,"column":4}},"52":{"start":{"line":294,"column":24},"end":{"line":294,"column":54}},"53":{"start":{"line":296,"column":6},"end":{"line":296,"column":61}},"54":{"start":{"line":298,"column":6},"end":{"line":298,"column":60}},"55":{"start":{"line":300,"column":6},"end":{"line":300,"column":54}}},"fnMap":{"0":{"name":"(anonymous_0)","decl":{"start":{"line":18,"column":20},"end":{"line":18,"column":21}},"loc":{"start":{"line":18,"column":31},"end":{"line":283,"column":1}},"line":18},"1":{"name":"(anonymous_1)","decl":{"start":{"line":20,"column":12},"end":{"line":20,"column":13}},"loc":{"start":{"line":20,"column":18},"end":{"line":24,"column":3}},"line":20},"2":{"name":"(anonymous_2)","decl":{"start":{"line":32,"column":12},"end":{"line":32,"column":13}},"loc":{"start":{"line":32,"column":18},"end":{"line":41,"column":3}},"line":32},"3":{"name":"(anonymous_3)","decl":{"start":{"line":43,"column":12},"end":{"line":43,"column":13}},"loc":{"start":{"line":43,"column":18},"end":{"line":48,"column":3}},"line":43},"4":{"name":"(anonymous_4)","decl":{"start":{"line":50,"column":12},"end":{"line":50,"column":13}},"loc":{"start":{"line":50,"column":18},"end":{"line":56,"column":3}},"line":50},"5":{"name":"(anonymous_5)","decl":{"start":{"line":58,"column":23},"end":{"line":58,"column":24}},"loc":{"start":{"line":58,"column":29},"end":{"line":63,"column":3}},"line":58},"6":{"name":"(anonymous_6)","decl":{"start":{"line":64,"column":22},"end":{"line":64,"column":23}},"loc":{"start":{"line":64,"column":29},"end":{"line":66,"column":3}},"line":64},"7":{"name":"(anonymous_7)","decl":{"start":{"line":67,"column":23},"end":{"line":67,"column":24}},"loc":{"start":{"line":67,"column":30},"end":{"line":72,"column":3}},"line":67},"8":{"name":"(anonymous_8)","decl":{"start":{"line":74,"column":30},"end":{"line":74,"column":31}},"loc":{"start":{"line":74,"column":36},"end":{"line":76,"column":3}},"line":74},"9":{"name":"(anonymous_9)","decl":{"start":{"line":78,"column":22},"end":{"line":78,"column":23}},"loc":{"start":{"line":78,"column":28},"end":{"line":81,"column":3}},"line":78},"10":{"name":"(anonymous_10)","decl":{"start":{"line":226,"column":23},"end":{"line":226,"column":24}},"loc":{"start":{"line":226,"column":29},"end":{"line":228,"column":15}},"line":226},"11":{"name":"(anonymous_11)","decl":{"start":{"line":263,"column":27},"end":{"line":263,"column":28}},"loc":{"start":{"line":263,"column":33},"end":{"line":265,"column":19}},"line":263},"12":{"name":"(anonymous_12)","decl":{"start":{"line":285,"column":24},"end":{"line":285,"column":25}},"loc":{"start":{"line":285,"column":35},"end":{"line":290,"column":1}},"line":285},"13":{"name":"(anonymous_13)","decl":{"start":{"line":292,"column":27},"end":{"line":292,"column":28}},"loc":{"start":{"line":292,"column":41},"end":{"line":302,"column":1}},"line":292},"14":{"name":"(anonymous_14)","decl":{"start":{"line":294,"column":16},"end":{"line":294,"column":17}},"loc":{"start":{"line":294,"column":24},"end":{"line":294,"column":54}},"line":294},"15":{"name":"(anonymous_15)","decl":{"start":{"line":295,"column":23},"end":{"line":295,"column":24}},"loc":{"start":{"line":296,"column":6},"end":{"line":296,"column":61}},"line":296},"16":{"name":"(anonymous_16)","decl":{"start":{"line":297,"column":12},"end":{"line":297,"column":13}},"loc":{"start":{"line":298,"column":6},"end":{"line":298,"column":60}},"line":298},"17":{"name":"(anonymous_17)","decl":{"start":{"line":299,"column":19},"end":{"line":299,"column":20}},"loc":{"start":{"line":300,"column":6},"end":{"line":300,"column":54}},"line":300}},"branchMap":{"0":{"loc":{"start":{"line":34,"column":4},"end":{"line":40,"column":5}},"type":"if","locations":[{"start":{"line":34,"column":4},"end":{"line":40,"column":5}},{"start":{"line":34,"column":4},"end":{"line":40,"column":5}}],"line":34},"1":{"loc":{"start":{"line":44,"column":4},"end":{"line":47,"column":5}},"type":"if","locations":[{"start":{"line":44,"column":4},"end":{"line":47,"column":5}},{"start":{"line":44,"column":4},"end":{"line":47,"column":5}}],"line":44},"2":{"loc":{"start":{"line":51,"column":4},"end":{"line":55,"column":5}},"type":"if","locations":[{"start":{"line":51,"column":4},"end":{"line":55,"column":5}},{"start":{"line":51,"column":4},"end":{"line":55,"column":5}}],"line":51},"3":{"loc":{"start":{"line":51,"column":8},"end":{"line":51,"column":59}},"type":"binary-expr","locations":[{"start":{"line":51,"column":8},"end":{"line":51,"column":20}},{"start":{"line":51,"column":24},"end":{"line":51,"column":59}}],"line":51},"4":{"loc":{"start":{"line":53,"column":11},"end":{"line":55,"column":5}},"type":"if","locations":[{"start":{"line":53,"column":11},"end":{"line":55,"column":5}},{"start":{"line":53,"column":11},"end":{"line":55,"column":5}}],"line":53},"5":{"loc":{"start":{"line":59,"column":4},"end":{"line":61,"column":5}},"type":"if","locations":[{"start":{"line":59,"column":4},"end":{"line":61,"column":5}},{"start":{"line":59,"column":4},"end":{"line":61,"column":5}}],"line":59},"6":{"loc":{"start":{"line":83,"column":2},"end":{"line":85,"column":3}},"type":"if","locations":[{"start":{"line":83,"column":2},"end":{"line":85,"column":3}},{"start":{"line":83,"column":2},"end":{"line":85,"column":3}}],"line":83},"7":{"loc":{"start":{"line":118,"column":13},"end":{"line":127,"column":13}},"type":"binary-expr","locations":[{"start":{"line":118,"column":13},"end":{"line":118,"column":29}},{"start":{"line":119,"column":14},"end":{"line":126,"column":20}}],"line":118},"8":{"loc":{"start":{"line":150,"column":15},"end":{"line":150,"column":61}},"type":"cond-expr","locations":[{"start":{"line":150,"column":34},"end":{"line":150,"column":49}},{"start":{"line":150,"column":52},"end":{"line":150,"column":61}}],"line":150},"9":{"loc":{"start":{"line":152,"column":13},"end":{"line":171,"column":13}},"type":"cond-expr","locations":[{"start":{"line":153,"column":14},"end":{"line":162,"column":20}},{"start":{"line":164,"column":14},"end":{"line":170,"column":23}}],"line":152}},"s":{"0":1,"1":0,"2":0,"3":0,"4":0,"5":0,"6":0,"7":0,"8":0,"9":0,"10":0,"11":0,"12":0,"13":0,"14":0,"15":0,"16":0,"17":0,"18":0,"19":0,"20":0,"21":0,"22":0,"23":0,"24":0,"25":0,"26":0,"27":0,"28":0,"29":0,"30":0,"31":0,"32":0,"33":0,"34":0,"35":0,"36":0,"37":0,"38":0,"39":0,"40":0,"41":0,"42":0,"43":0,"44":0,"45":0,"46":0,"47":0,"48":1,"49":0,"50":1,"51":0,"52":0,"53":0,"54":0,"55":0},"f":{"0":0,"1":0,"2":0,"3":0,"4":0,"5":0,"6":0,"7":0,"8":0,"9":0,"10":0,"11":0,"12":0,"13":0,"14":0,"15":0,"16":0,"17":0},"b":{"0":[0,0],"1":[0,0],"2":[0,0],"3":[0,0],"4":[0,0],"5":[0,0],"6":[0,0],"7":[0,0],"8":[0,0],"9":[0,0]},"_coverageSchema":"1a1c01bbd47fc00a2c39e90264f33305004495a9","hash":"5b33b13dd2e197dba30cacb8d3c401beebdba5c2"}
,"E:\\PESTO_Aucti\\aucti_firebase\\Aucti\\aucti-web\\src\\components\\Pages\\ProductPage\\ProductSkeltonPage.js": {"path":"E:\\PESTO_Aucti\\aucti_firebase\\Aucti\\aucti-web\\src\\components\\Pages\\ProductPage\\ProductSkeltonPage.js","statementMap":{"0":{"start":{"line":3,"column":27},"end":{"line":40,"column":1}},"1":{"start":{"line":4,"column":1},"end":{"line":39,"column":3}}},"fnMap":{"0":{"name":"(anonymous_0)","decl":{"start":{"line":3,"column":27},"end":{"line":3,"column":28}},"loc":{"start":{"line":3,"column":33},"end":{"line":40,"column":1}},"line":3}},"branchMap":{},"s":{"0":2,"1":1},"f":{"0":1},"b":{},"_coverageSchema":"1a1c01bbd47fc00a2c39e90264f33305004495a9","hash":"7d1f08fa1cf5bf435b4f92ad09cbb25b3cb4961f"}
,"E:\\PESTO_Aucti\\aucti_firebase\\Aucti\\aucti-web\\src\\components\\Pages\\SpecialPage\\SpeacialPage.js": {"path":"E:\\PESTO_Aucti\\aucti_firebase\\Aucti\\aucti-web\\src\\components\\Pages\\SpecialPage\\SpeacialPage.js","statementMap":{"0":{"start":{"line":16,"column":15},"end":{"line":16,"column":16}},"1":{"start":{"line":18,"column":29},"end":{"line":18,"column":34}},"2":{"start":{"line":20,"column":39},"end":{"line":20,"column":50}},"3":{"start":{"line":21,"column":31},"end":{"line":21,"column":45}},"4":{"start":{"line":22,"column":49},"end":{"line":24,"column":2}},"5":{"start":{"line":26,"column":1},"end":{"line":36,"column":48}},"6":{"start":{"line":27,"column":44},"end":{"line":27,"column":60}},"7":{"start":{"line":28,"column":19},"end":{"line":28,"column":46}},"8":{"start":{"line":29,"column":2},"end":{"line":35,"column":3}},"9":{"start":{"line":30,"column":3},"end":{"line":30,"column":55}},"10":{"start":{"line":31,"column":9},"end":{"line":35,"column":3}},"11":{"start":{"line":32,"column":3},"end":{"line":32,"column":58}},"12":{"start":{"line":34,"column":3},"end":{"line":34,"column":58}},"13":{"start":{"line":38,"column":1},"end":{"line":43,"column":23}},"14":{"start":{"line":39,"column":2},"end":{"line":42,"column":3}},"15":{"start":{"line":40,"column":3},"end":{"line":40,"column":45}},"16":{"start":{"line":41,"column":3},"end":{"line":41,"column":21}},"17":{"start":{"line":45,"column":16},"end":{"line":48,"column":2}},"18":{"start":{"line":46,"column":2},"end":{"line":46,"column":19}},"19":{"start":{"line":47,"column":2},"end":{"line":47,"column":34}},"20":{"start":{"line":49,"column":20},"end":{"line":52,"column":2}},"21":{"start":{"line":50,"column":2},"end":{"line":50,"column":19}},"22":{"start":{"line":51,"column":2},"end":{"line":51,"column":34}},"23":{"start":{"line":54,"column":26},"end":{"line":57,"column":2}},"24":{"start":{"line":55,"column":2},"end":{"line":55,"column":19}},"25":{"start":{"line":56,"column":2},"end":{"line":56,"column":23}},"26":{"start":{"line":59,"column":26},"end":{"line":63,"column":18}},"27":{"start":{"line":60,"column":25},"end":{"line":60,"column":53}},"28":{"start":{"line":61,"column":24},"end":{"line":61,"column":49}},"29":{"start":{"line":62,"column":2},"end":{"line":62,"column":43}},"30":{"start":{"line":65,"column":1},"end":{"line":67,"column":2}},"31":{"start":{"line":66,"column":2},"end":{"line":66,"column":32}},"32":{"start":{"line":68,"column":1},"end":{"line":91,"column":3}},"33":{"start":{"line":76,"column":6},"end":{"line":76,"column":73}},"34":{"start":{"line":84,"column":29},"end":{"line":84,"column":49}},"35":{"start":{"line":94,"column":24},"end":{"line":98,"column":1}},"36":{"start":{"line":95,"column":1},"end":{"line":97,"column":3}},"37":{"start":{"line":100,"column":27},"end":{"line":107,"column":1}},"38":{"start":{"line":101,"column":1},"end":{"line":106,"column":3}},"39":{"start":{"line":103,"column":3},"end":{"line":103,"column":67}},"40":{"start":{"line":105,"column":3},"end":{"line":105,"column":64}}},"fnMap":{"0":{"name":"SpeacialPage","decl":{"start":{"line":17,"column":9},"end":{"line":17,"column":21}},"loc":{"start":{"line":17,"column":29},"end":{"line":92,"column":1}},"line":17},"1":{"name":"(anonymous_1)","decl":{"start":{"line":26,"column":11},"end":{"line":26,"column":12}},"loc":{"start":{"line":26,"column":17},"end":{"line":36,"column":2}},"line":26},"2":{"name":"(anonymous_2)","decl":{"start":{"line":38,"column":11},"end":{"line":38,"column":12}},"loc":{"start":{"line":38,"column":17},"end":{"line":43,"column":2}},"line":38},"3":{"name":"(anonymous_3)","decl":{"start":{"line":45,"column":16},"end":{"line":45,"column":17}},"loc":{"start":{"line":45,"column":22},"end":{"line":48,"column":2}},"line":45},"4":{"name":"(anonymous_4)","decl":{"start":{"line":49,"column":20},"end":{"line":49,"column":21}},"loc":{"start":{"line":49,"column":26},"end":{"line":52,"column":2}},"line":49},"5":{"name":"(anonymous_5)","decl":{"start":{"line":54,"column":26},"end":{"line":54,"column":27}},"loc":{"start":{"line":54,"column":36},"end":{"line":57,"column":2}},"line":54},"6":{"name":"(anonymous_6)","decl":{"start":{"line":59,"column":34},"end":{"line":59,"column":35}},"loc":{"start":{"line":59,"column":40},"end":{"line":63,"column":2}},"line":59},"7":{"name":"(anonymous_7)","decl":{"start":{"line":75,"column":26},"end":{"line":75,"column":27}},"loc":{"start":{"line":75,"column":36},"end":{"line":77,"column":6}},"line":75},"8":{"name":"(anonymous_8)","decl":{"start":{"line":84,"column":19},"end":{"line":84,"column":20}},"loc":{"start":{"line":84,"column":29},"end":{"line":84,"column":49}},"line":84},"9":{"name":"(anonymous_9)","decl":{"start":{"line":94,"column":24},"end":{"line":94,"column":25}},"loc":{"start":{"line":94,"column":35},"end":{"line":98,"column":1}},"line":94},"10":{"name":"(anonymous_10)","decl":{"start":{"line":100,"column":27},"end":{"line":100,"column":28}},"loc":{"start":{"line":100,"column":41},"end":{"line":107,"column":1}},"line":100},"11":{"name":"(anonymous_11)","decl":{"start":{"line":102,"column":21},"end":{"line":102,"column":22}},"loc":{"start":{"line":103,"column":3},"end":{"line":103,"column":67}},"line":103},"12":{"name":"(anonymous_12)","decl":{"start":{"line":104,"column":18},"end":{"line":104,"column":19}},"loc":{"start":{"line":105,"column":3},"end":{"line":105,"column":64}},"line":105}},"branchMap":{"0":{"loc":{"start":{"line":29,"column":2},"end":{"line":35,"column":3}},"type":"if","locations":[{"start":{"line":29,"column":2},"end":{"line":35,"column":3}},{"start":{"line":29,"column":2},"end":{"line":35,"column":3}}],"line":29},"1":{"loc":{"start":{"line":31,"column":9},"end":{"line":35,"column":3}},"type":"if","locations":[{"start":{"line":31,"column":9},"end":{"line":35,"column":3}},{"start":{"line":31,"column":9},"end":{"line":35,"column":3}}],"line":31},"2":{"loc":{"start":{"line":39,"column":2},"end":{"line":42,"column":3}},"type":"if","locations":[{"start":{"line":39,"column":2},"end":{"line":42,"column":3}},{"start":{"line":39,"column":2},"end":{"line":42,"column":3}}],"line":39},"3":{"loc":{"start":{"line":39,"column":6},"end":{"line":39,"column":67}},"type":"binary-expr","locations":[{"start":{"line":39,"column":6},"end":{"line":39,"column":21}},{"start":{"line":39,"column":25},"end":{"line":39,"column":67}}],"line":39},"4":{"loc":{"start":{"line":65,"column":1},"end":{"line":67,"column":2}},"type":"if","locations":[{"start":{"line":65,"column":1},"end":{"line":67,"column":2}},{"start":{"line":65,"column":1},"end":{"line":67,"column":2}}],"line":65},"5":{"loc":{"start":{"line":74,"column":5},"end":{"line":77,"column":7}},"type":"binary-expr","locations":[{"start":{"line":74,"column":5},"end":{"line":74,"column":30}},{"start":{"line":75,"column":5},"end":{"line":77,"column":7}}],"line":74}},"s":{"0":0,"1":0,"2":0,"3":0,"4":0,"5":0,"6":0,"7":0,"8":0,"9":0,"10":0,"11":0,"12":0,"13":0,"14":0,"15":0,"16":0,"17":0,"18":0,"19":0,"20":0,"21":0,"22":0,"23":0,"24":0,"25":0,"26":0,"27":0,"28":0,"29":0,"30":0,"31":0,"32":0,"33":0,"34":0,"35":0,"36":0,"37":0,"38":0,"39":0,"40":0},"f":{"0":0,"1":0,"2":0,"3":0,"4":0,"5":0,"6":0,"7":0,"8":0,"9":0,"10":0,"11":0,"12":0},"b":{"0":[0,0],"1":[0,0],"2":[0,0],"3":[0,0],"4":[0,0],"5":[0,0]}}
,"E:\\PESTO_Aucti\\aucti_firebase\\Aucti\\aucti-web\\src\\components\\Pages\\SpecialPage\\SpecialPageSkelton.js": {"path":"E:\\PESTO_Aucti\\aucti_firebase\\Aucti\\aucti-web\\src\\components\\Pages\\SpecialPage\\SpecialPageSkelton.js","statementMap":{"0":{"start":{"line":4,"column":27},"end":{"line":19,"column":1}},"1":{"start":{"line":5,"column":1},"end":{"line":18,"column":3}},"2":{"start":{"line":14,"column":6},"end":{"line":14,"column":38}}},"fnMap":{"0":{"name":"(anonymous_0)","decl":{"start":{"line":4,"column":27},"end":{"line":4,"column":28}},"loc":{"start":{"line":4,"column":33},"end":{"line":19,"column":1}},"line":4},"1":{"name":"(anonymous_1)","decl":{"start":{"line":13,"column":10},"end":{"line":13,"column":11}},"loc":{"start":{"line":14,"column":6},"end":{"line":14,"column":38}},"line":14}},"branchMap":{},"s":{"0":1,"1":1,"2":6},"f":{"0":1,"1":6},"b":{},"_coverageSchema":"1a1c01bbd47fc00a2c39e90264f33305004495a9","hash":"b8363cd3b0602903ee9b9f18c27044703f0863ff"}
,"E:\\PESTO_Aucti\\aucti_firebase\\Aucti\\aucti-web\\src\\components\\Shared\\Alert.js": {"path":"E:\\PESTO_Aucti\\aucti_firebase\\Aucti\\aucti-web\\src\\components\\Shared\\Alert.js","statementMap":{"0":{"start":{"line":5,"column":14},"end":{"line":22,"column":1}},"1":{"start":{"line":7,"column":40},"end":{"line":7,"column":51}},"2":{"start":{"line":9,"column":1},"end":{"line":9,"column":60}},"3":{"start":{"line":9,"column":18},"end":{"line":9,"column":52}},"4":{"start":{"line":11,"column":1},"end":{"line":13,"column":2}},"5":{"start":{"line":12,"column":2},"end":{"line":12,"column":15}},"6":{"start":{"line":14,"column":1},"end":{"line":21,"column":3}},"7":{"start":{"line":24,"column":24},"end":{"line":28,"column":1}},"8":{"start":{"line":25,"column":1},"end":{"line":27,"column":3}}},"fnMap":{"0":{"name":"(anonymous_0)","decl":{"start":{"line":5,"column":14},"end":{"line":5,"column":15}},"loc":{"start":{"line":5,"column":25},"end":{"line":22,"column":1}},"line":5},"1":{"name":"(anonymous_1)","decl":{"start":{"line":9,"column":12},"end":{"line":9,"column":13}},"loc":{"start":{"line":9,"column":18},"end":{"line":9,"column":52}},"line":9},"2":{"name":"(anonymous_2)","decl":{"start":{"line":24,"column":24},"end":{"line":24,"column":25}},"loc":{"start":{"line":24,"column":35},"end":{"line":28,"column":1}},"line":24}},"branchMap":{"0":{"loc":{"start":{"line":11,"column":1},"end":{"line":13,"column":2}},"type":"if","locations":[{"start":{"line":11,"column":1},"end":{"line":13,"column":2}},{"start":{"line":11,"column":1},"end":{"line":13,"column":2}}],"line":11}},"s":{"0":2,"1":1,"2":1,"3":0,"4":1,"5":0,"6":1,"7":2,"8":1},"f":{"0":1,"1":0,"2":1},"b":{"0":[0,1]},"_coverageSchema":"1a1c01bbd47fc00a2c39e90264f33305004495a9","hash":"1c7610ff399a365b170c224216f69e3582211a23"}
,"E:\\PESTO_Aucti\\aucti_firebase\\Aucti\\aucti-web\\src\\components\\Shared\\Banner.js": {"path":"E:\\PESTO_Aucti\\aucti_firebase\\Aucti\\aucti-web\\src\\components\\Shared\\Banner.js","statementMap":{"0":{"start":{"line":4,"column":22},"end":{"line":125,"column":1}},"1":{"start":{"line":5,"column":2},"end":{"line":124,"column":4}}},"fnMap":{"0":{"name":"(anonymous_0)","decl":{"start":{"line":4,"column":22},"end":{"line":4,"column":23}},"loc":{"start":{"line":4,"column":28},"end":{"line":125,"column":1}},"line":4}},"branchMap":{},"s":{"0":2,"1":2},"f":{"0":2},"b":{},"_coverageSchema":"1a1c01bbd47fc00a2c39e90264f33305004495a9","hash":"2a553842dc0764c55b3bc1cafe7e9b50354ede22"}
,"E:\\PESTO_Aucti\\aucti_firebase\\Aucti\\aucti-web\\src\\components\\Shared\\BannerSkelton.js": {"path":"E:\\PESTO_Aucti\\aucti_firebase\\Aucti\\aucti-web\\src\\components\\Shared\\BannerSkelton.js","statementMap":{"0":{"start":{"line":3,"column":22},"end":{"line":11,"column":1}},"1":{"start":{"line":4,"column":1},"end":{"line":10,"column":3}}},"fnMap":{"0":{"name":"(anonymous_0)","decl":{"start":{"line":3,"column":22},"end":{"line":3,"column":23}},"loc":{"start":{"line":3,"column":28},"end":{"line":11,"column":1}},"line":3}},"branchMap":{},"s":{"0":2,"1":1},"f":{"0":1},"b":{},"_coverageSchema":"1a1c01bbd47fc00a2c39e90264f33305004495a9","hash":"5bcd57789cc85db270ff2522925854e5eea9b8da"}
,"E:\\PESTO_Aucti\\aucti_firebase\\Aucti\\aucti-web\\src\\components\\Shared\\ConfirmModal.js": {"path":"E:\\PESTO_Aucti\\aucti_firebase\\Aucti\\aucti-web\\src\\components\\Shared\\ConfirmModal.js","statementMap":{"0":{"start":{"line":3,"column":21},"end":{"line":60,"column":1}},"1":{"start":{"line":4,"column":1},"end":{"line":59,"column":3}}},"fnMap":{"0":{"name":"(anonymous_0)","decl":{"start":{"line":3,"column":21},"end":{"line":3,"column":22}},"loc":{"start":{"line":3,"column":32},"end":{"line":60,"column":1}},"line":3}},"branchMap":{"0":{"loc":{"start":{"line":6,"column":4},"end":{"line":57,"column":11}},"type":"cond-expr","locations":[{"start":{"line":7,"column":4},"end":{"line":56,"column":7}},{"start":{"line":57,"column":7},"end":{"line":57,"column":11}}],"line":6}},"s":{"0":2,"1":2},"f":{"0":2},"b":{"0":[0,2]},"_coverageSchema":"1a1c01bbd47fc00a2c39e90264f33305004495a9","hash":"b7e1cecd3e00c7812b0c068ecc2a7f5a6f03f4f4"}
,"E:\\PESTO_Aucti\\aucti_firebase\\Aucti\\aucti-web\\src\\components\\Shared\\LazyImage.js": {"path":"E:\\PESTO_Aucti\\aucti_firebase\\Aucti\\aucti-web\\src\\components\\Shared\\LazyImage.js","statementMap":{"0":{"start":{"line":3,"column":18},"end":{"line":15,"column":1}},"1":{"start":{"line":4,"column":1},"end":{"line":14,"column":3}}},"fnMap":{"0":{"name":"(anonymous_0)","decl":{"start":{"line":3,"column":18},"end":{"line":3,"column":19}},"loc":{"start":{"line":3,"column":29},"end":{"line":15,"column":1}},"line":3}},"branchMap":{},"s":{"0":0,"1":0},"f":{"0":0},"b":{}}
,"E:\\PESTO_Aucti\\aucti_firebase\\Aucti\\aucti-web\\src\\components\\Shared\\Loader.js": {"path":"E:\\PESTO_Aucti\\aucti_firebase\\Aucti\\aucti-web\\src\\components\\Shared\\Loader.js","statementMap":{"0":{"start":{"line":1,"column":15},"end":{"line":11,"column":1}},"1":{"start":{"line":2,"column":27},"end":{"line":2,"column":58}},"2":{"start":{"line":4,"column":1},"end":{"line":10,"column":3}}},"fnMap":{"0":{"name":"(anonymous_0)","decl":{"start":{"line":1,"column":15},"end":{"line":1,"column":16}},"loc":{"start":{"line":1,"column":21},"end":{"line":11,"column":1}},"line":1}},"branchMap":{},"s":{"0":3,"1":1,"2":1},"f":{"0":1},"b":{},"_coverageSchema":"1a1c01bbd47fc00a2c39e90264f33305004495a9","hash":"9202944161b787bc8624ae168581c4010f41f7fb"}
,"E:\\PESTO_Aucti\\aucti_firebase\\Aucti\\aucti-web\\src\\components\\Shared\\Modal.js": {"path":"E:\\PESTO_Aucti\\aucti_firebase\\Aucti\\aucti-web\\src\\components\\Shared\\Modal.js","statementMap":{"0":{"start":{"line":3,"column":14},"end":{"line":72,"column":1}},"1":{"start":{"line":4,"column":1},"end":{"line":71,"column":3}},"2":{"start":{"line":19,"column":25},"end":{"line":19,"column":50}}},"fnMap":{"0":{"name":"(anonymous_0)","decl":{"start":{"line":3,"column":14},"end":{"line":3,"column":15}},"loc":{"start":{"line":3,"column":25},"end":{"line":72,"column":1}},"line":3},"1":{"name":"(anonymous_1)","decl":{"start":{"line":19,"column":19},"end":{"line":19,"column":20}},"loc":{"start":{"line":19,"column":25},"end":{"line":19,"column":50}},"line":19}},"branchMap":{"0":{"loc":{"start":{"line":6,"column":4},"end":{"line":69,"column":11}},"type":"cond-expr","locations":[{"start":{"line":7,"column":4},"end":{"line":68,"column":7}},{"start":{"line":69,"column":7},"end":{"line":69,"column":11}}],"line":6}},"s":{"0":2,"1":1,"2":0},"f":{"0":1,"1":0},"b":{"0":[0,1]},"_coverageSchema":"1a1c01bbd47fc00a2c39e90264f33305004495a9","hash":"2240a0f9d45a3ab49016fe8c065e73743944a581"}
[...]
:{"line":35,"column":70}},"14":{"start":{"line":36,"column":4},"end":{"line":36,"column":26}},"15":{"start":{"line":39,"column":4},"end":{"line":39,"column":23}},"16":{"start":{"line":40,"column":4},"end":{"line":40,"column":18}},"17":{"start":{"line":45,"column":4},"end":{"line":48,"column":7}},"18":{"start":{"line":46,"column":5},"end":{"line":46,"column":22}},"19":{"start":{"line":47,"column":5},"end":{"line":47,"column":18}},"20":{"start":{"line":54,"column":38},"end":{"line":93,"column":1}},"21":{"start":{"line":55,"column":12},"end":{"line":55,"column":42}},"22":{"start":{"line":56,"column":1},"end":{"line":92,"column":4}},"23":{"start":{"line":57,"column":13},"end":{"line":57,"column":20}},"24":{"start":{"line":58,"column":16},"end":{"line":58,"column":34}},"25":{"start":{"line":59,"column":19},"end":{"line":59,"column":49}},"26":{"start":{"line":60,"column":19},"end":{"line":60,"column":38}},"27":{"start":{"line":61,"column":2},"end":{"line":91,"column":6}},"28":{"start":{"line":63,"column":18},"end":{"line":63,"column":36}},"29":{"start":{"line":64,"column":21},"end":{"line":64,"column":67}},"30":{"start":{"line":65,"column":21},"end":{"line":65,"column":41}},"31":{"start":{"line":67,"column":4},"end":{"line":86,"column":6}},"32":{"start":{"line":71,"column":7},"end":{"line":71,"column":72}},"33":{"start":{"line":72,"column":6},"end":{"line":72,"column":28}},"34":{"start":{"line":75,"column":6},"end":{"line":75,"column":25}},"35":{"start":{"line":76,"column":6},"end":{"line":76,"column":20}},"36":{"start":{"line":81,"column":6},"end":{"line":84,"column":9}},"37":{"start":{"line":82,"column":7},"end":{"line":82,"column":24}},"38":{"start":{"line":83,"column":7},"end":{"line":83,"column":20}},"39":{"start":{"line":89,"column":4},"end":{"line":89,"column":23}},"40":{"start":{"line":90,"column":4},"end":{"line":90,"column":18}},"41":{"start":{"line":95,"column":26},"end":{"line":97,"column":1}},"42":{"start":{"line":96,"column":1},"end":{"line":96,"column":68}},"43":{"start":{"line":96,"column":58},"end":{"line":96,"column":66}},"44":{"start":{"line":99,"column":29},"end":{"line":101,"column":1}},"45":{"start":{"line":100,"column":1},"end":{"line":100,"column":67}},"46":{"start":{"line":100,"column":57},"end":{"line":100,"column":65}},"47":{"start":{"line":103,"column":25},"end":{"line":105,"column":1}},"48":{"start":{"line":104,"column":1},"end":{"line":104,"column":79}},"49":{"start":{"line":104,"column":69},"end":{"line":104,"column":77}},"50":{"start":{"line":107,"column":31},"end":{"line":111,"column":1}},"51":{"start":{"line":108,"column":1},"end":{"line":110,"column":27}},"52":{"start":{"line":110,"column":17},"end":{"line":110,"column":25}},"53":{"start":{"line":113,"column":29},"end":{"line":117,"column":1}},"54":{"start":{"line":114,"column":1},"end":{"line":116,"column":27}},"55":{"start":{"line":116,"column":17},"end":{"line":116,"column":25}},"56":{"start":{"line":119,"column":33},"end":{"line":131,"column":1}},"57":{"start":{"line":120,"column":1},"end":{"line":130,"column":27}},"58":{"start":{"line":130,"column":17},"end":{"line":130,"column":25}},"59":{"start":{"line":133,"column":32},"end":{"line":145,"column":1}},"60":{"start":{"line":134,"column":1},"end":{"line":144,"column":27}},"61":{"start":{"line":144,"column":17},"end":{"line":144,"column":25}},"62":{"start":{"line":147,"column":34},"end":{"line":159,"column":1}},"63":{"start":{"line":148,"column":1},"end":{"line":158,"column":27}},"64":{"start":{"line":158,"column":17},"end":{"line":158,"column":25}}},"fnMap":{"0":{"name":"(anonymous_0)","decl":{"start":{"line":6,"column":33},"end":{"line":6,"column":34}},"loc":{"start":{"line":6,"column":76},"end":{"line":18,"column":1}},"line":6},"1":{"name":"(anonymous_1)","decl":{"start":{"line":17,"column":8},"end":{"line":17,"column":9}},"loc":{"start":{"line":17,"column":17},"end":{"line":17,"column":25}},"line":17},"2":{"name":"(anonymous_2)","decl":{"start":{"line":20,"column":33},"end":{"line":20,"column":34}},"loc":{"start":{"line":20,"column":45},"end":{"line":22,"column":1}},"line":20},"3":{"name":"(anonymous_3)","decl":{"start":{"line":21,"column":59},"end":{"line":21,"column":60}},"loc":{"start":{"line":21,"column":68},"end":{"line":21,"column":76}},"line":21},"4":{"name":"(anonymous_4)","decl":{"start":{"line":24,"column":29},"end":{"line":24,"column":30}},"loc":{"start":{"line":24,"column":56},"end":{"line":52,"column":1}},"line":24},"5":{"name":"(anonymous_5)","decl":{"start":{"line":26,"column":20},"end":{"line":26,"column":21}},"loc":{"start":{"line":26,"column":41},"end":{"line":51,"column":2}},"line":26},"6":{"name":"(anonymous_6)","decl":{"start":{"line":33,"column":3},"end":{"line":33,"column":4}},"loc":{"start":{"line":33,"column":17},"end":{"line":37,"column":4}},"line":33},"7":{"name":"(anonymous_7)","decl":{"start":{"line":38,"column":3},"end":{"line":38,"column":4}},"loc":{"start":{"line":38,"column":14},"end":{"line":41,"column":4}},"line":38},"8":{"name":"(anonymous_8)","decl":{"start":{"line":42,"column":3},"end":{"line":42,"column":4}},"loc":{"start":{"line":42,"column":9},"end":{"line":49,"column":4}},"line":42},"9":{"name":"(anonymous_9)","decl":{"start":{"line":45,"column":50},"end":{"line":45,"column":51}},"loc":{"start":{"line":45,"column":59},"end":{"line":48,"column":5}},"line":45},"10":{"name":"(anonymous_10)","decl":{"start":{"line":54,"column":38},"end":{"line":54,"column":39}},"loc":{"start":{"line":54,"column":74},"end":{"line":93,"column":1}},"line":54},"11":{"name":"(anonymous_11)","decl":{"start":{"line":56,"column":20},"end":{"line":56,"column":21}},"loc":{"start":{"line":56,"column":41},"end":{"line":92,"column":2}},"line":56},"12":{"name":"(anonymous_12)","decl":{"start":{"line":62,"column":9},"end":{"line":62,"column":10}},"loc":{"start":{"line":62,"column":15},"end":{"line":87,"column":4}},"line":62},"13":{"name":"(anonymous_13)","decl":{"start":{"line":69,"column":5},"end":{"line":69,"column":6}},"loc":{"start":{"line":69,"column":19},"end":{"line":73,"column":6}},"line":69},"14":{"name":"(anonymous_14)","decl":{"start":{"line":74,"column":5},"end":{"line":74,"column":6}},"loc":{"start":{"line":74,"column":16},"end":{"line":77,"column":6}},"line":74},"15":{"name":"(anonymous_15)","decl":{"start":{"line":78,"column":5},"end":{"line":78,"column":6}},"loc":{"start":{"line":78,"column":11},"end":{"line":85,"column":6}},"line":78},"16":{"name":"(anonymous_16)","decl":{"start":{"line":81,"column":52},"end":{"line":81,"column":53}},"loc":{"start":{"line":81,"column":61},"end":{"line":84,"column":7}},"line":81},"17":{"name":"(anonymous_17)","decl":{"start":{"line":88,"column":10},"end":{"line":88,"column":11}},"loc":{"start":{"line":88,"column":21},"end":{"line":91,"column":4}},"line":88},"18":{"name":"(anonymous_18)","decl":{"start":{"line":95,"column":26},"end":{"line":95,"column":27}},"loc":{"start":{"line":95,"column":39},"end":{"line":97,"column":1}},"line":95},"19":{"name":"(anonymous_19)","decl":{"start":{"line":96,"column":49},"end":{"line":96,"column":50}},"loc":{"start":{"line":96,"column":58},"end":{"line":96,"column":66}},"line":96},"20":{"name":"(anonymous_20)","decl":{"start":{"line":99,"column":29},"end":{"line":99,"column":30}},"loc":{"start":{"line":99,"column":42},"end":{"line":101,"column":1}},"line":99},"21":{"name":"(anonymous_21)","decl":{"start":{"line":100,"column":48},"end":{"line":100,"column":49}},"loc":{"start":{"line":100,"column":57},"end":{"line":100,"column":65}},"line":100},"22":{"name":"(anonymous_22)","decl":{"start":{"line":103,"column":25},"end":{"line":103,"column":26}},"loc":{"start":{"line":103,"column":37},"end":{"line":105,"column":1}},"line":103},"23":{"name":"(anonymous_23)","decl":{"start":{"line":104,"column":60},"end":{"line":104,"column":61}},"loc":{"start":{"line":104,"column":69},"end":{"line":104,"column":77}},"line":104},"24":{"name":"(anonymous_24)","decl":{"start":{"line":107,"column":31},"end":{"line":107,"column":32}},"loc":{"start":{"line":107,"column":47},"end":{"line":111,"column":1}},"line":107},"25":{"name":"(anonymous_25)","decl":{"start":{"line":110,"column":8},"end":{"line":110,"column":9}},"loc":{"start":{"line":110,"column":17},"end":{"line":110,"column":25}},"line":110},"26":{"name":"(anonymous_26)","decl":{"start":{"line":113,"column":29},"end":{"line":113,"column":30}},"loc":{"start":{"line":113,"column":45},"end":{"line":117,"column":1}},"line":113},"27":{"name":"(anonymous_27)","decl":{"start":{"line":116,"column":8},"end":{"line":116,"column":9}},"loc":{"start":{"line":116,"column":17},"end":{"line":116,"column":25}},"line":116},"28":{"name":"(anonymous_28)","decl":{"start":{"line":119,"column":33},"end":{"line":119,"column":34}},"loc":{"start":{"line":119,"column":79},"end":{"line":131,"column":1}},"line":119},"29":{"name":"(anonymous_29)","decl":{"start":{"line":130,"column":8},"end":{"line":130,"column":9}},"loc":{"start":{"line":130,"column":17},"end":{"line":130,"column":25}},"line":130},"30":{"name":"(anonymous_30)","decl":{"start":{"line":133,"column":32},"end":{"line":133,"column":33}},"loc":{"start":{"line":133,"column":75},"end":{"line":145,"column":1}},"line":133},"31":{"name":"(anonymous_31)","decl":{"start":{"line":144,"column":8},"end":{"line":144,"column":9}},"loc":{"start":{"line":144,"column":17},"end":{"line":144,"column":25}},"line":144},"32":{"name":"(anonymous_32)","decl":{"start":{"line":147,"column":34},"end":{"line":147,"column":35}},"loc":{"start":{"line":147,"column":77},"end":{"line":159,"column":1}},"line":147},"33":{"name":"(anonymous_33)","decl":{"start":{"line":158,"column":8},"end":{"line":158,"column":9}},"loc":{"start":{"line":158,"column":17},"end":{"line":158,"column":25}},"line":158}},"branchMap":{},"s":{"0":0,"1":0,"2":0,"3":0,"4":0,"5":0,"6":0,"7":0,"8":0,"9":0,"10":0,"11":0,"12":0,"13":0,"14":0,"15":0,"16":0,"17":0,"18":0,"19":0,"20":0,"21":0,"22":0,"23":0,"24":0,"25":0,"26":0,"27":0,"28":0,"29":0,"30":0,"31":0,"32":0,"33":0,"34":0,"35":0,"36":0,"37":0,"38":0,"39":0,"40":0,"41":0,"42":0,"43":0,"44":0,"45":0,"46":0,"47":0,"48":0,"49":0,"50":0,"51":0,"52":0,"53":0,"54":0,"55":0,"56":0,"57":0,"58":0,"59":0,"60":0,"61":0,"62":0,"63":0,"64":0},"f":{"0":0,"1":0,"2":0,"3":0,"4":0,"5":0,"6":0,"7":0,"8":0,"9":0,"10":0,"11":0,"12":0,"13":0,"14":0,"15":0,"16":0,"17":0,"18":0,"19":0,"20":0,"21":0,"22":0,"23":0,"24":0,"25":0,"26":0,"27":0,"28":0,"29":0,"30":0,"31":0,"32":0,"33":0},"b":{}}
,"E:\\PESTO_Aucti\\aucti_firebase\\Aucti\\aucti-web\\src\\redux\\services\\userService.js": {"path":"E:\\PESTO_Aucti\\aucti_firebase\\Aucti\\aucti-web\\src\\redux\\services\\userService.js","statementMap":{"0":{"start":{"line":3,"column":21},"end":{"line":70,"column":1}},"1":{"start":{"line":4,"column":2},"end":{"line":69,"column":5}},"2":{"start":{"line":5,"column":4},"end":{"line":7,"column":5}},"3":{"start":{"line":6,"column":6},"end":{"line":6,"column":33}},"4":{"start":{"line":8,"column":21},"end":{"line":8,"column":59}},"5":{"start":{"line":9,"column":4},"end":{"line":68,"column":9}},"6":{"start":{"line":14,"column":25},"end":{"line":14,"column":42}},"7":{"start":{"line":16,"column":20},"end":{"line":16,"column":42}},"8":{"start":{"line":18,"column":19},"end":{"line":18,"column":30}},"9":{"start":{"line":20,"column":20},"end":{"line":20,"column":28}},"10":{"start":{"line":21,"column":31},"end":{"line":21,"column":60}},"11":{"start":{"line":22,"column":21},"end":{"line":22,"column":44}},"12":{"start":{"line":23,"column":8},"end":{"line":54,"column":13}},"13":{"start":{"line":26,"column":12},"end":{"line":49,"column":13}},"14":{"start":{"line":27,"column":14},"end":{"line":30,"column":16}},"15":{"start":{"line":32,"column":14},"end":{"line":32,"column":58}},"16":{"start":{"line":34,"column":14},"end":{"line":48,"column":45}},"17":{"start":{"line":41,"column":18},"end":{"line":44,"column":20}},"18":{"start":{"line":46,"column":18},"end":{"line":46,"column":45}},"19":{"start":{"line":48,"column":32},"end":{"line":48,"column":43}},"20":{"start":{"line":52,"column":12},"end":{"line":52,"column":58}},"21":{"start":{"line":53,"column":12},"end":{"line":53,"column":26}},"22":{"start":{"line":58,"column":24},"end":{"line":58,"column":34}},"23":{"start":{"line":59,"column":27},"end":{"line":59,"column":40}},"24":{"start":{"line":61,"column":20},"end":{"line":61,"column":31}},"25":{"start":{"line":63,"column":25},"end":{"line":63,"column":41}},"26":{"start":{"line":65,"column":8},"end":{"line":65,"column":34}},"27":{"start":{"line":67,"column":8},"end":{"line":67,"column":29}},"28":{"start":{"line":72,"column":22},"end":{"line":75,"column":1}},"29":{"start":{"line":73,"column":2},"end":{"line":73,"column":34}},"30":{"start":{"line":74,"column":2},"end":{"line":74,"column":17}},"31":{"start":{"line":77,"column":25},"end":{"line":83,"column":1}},"32":{"start":{"line":78,"column":19},"end":{"line":78,"column":59}},"33":{"start":{"line":79,"column":2},"end":{"line":81,"column":3}},"34":{"start":{"line":80,"column":4},"end":{"line":80,"column":55}},"35":{"start":{"line":82,"column":2},"end":{"line":82,"column":14}}},"fnMap":{"0":{"name":"(anonymous_0)","decl":{"start":{"line":3,"column":21},"end":{"line":3,"column":22}},"loc":{"start":{"line":3,"column":31},"end":{"line":70,"column":1}},"line":3},"1":{"name":"(anonymous_1)","decl":{"start":{"line":4,"column":21},"end":{"line":4,"column":22}},"loc":{"start":{"line":4,"column":42},"end":{"line":69,"column":3}},"line":4},"2":{"name":"(anonymous_2)","decl":{"start":{"line":12,"column":12},"end":{"line":12,"column":13}},"loc":{"start":{"line":12,"column":24},"end":{"line":55,"column":7}},"line":12},"3":{"name":"(anonymous_3)","decl":{"start":{"line":25,"column":16},"end":{"line":25,"column":17}},"loc":{"start":{"line":25,"column":25},"end":{"line":50,"column":11}},"line":25},"4":{"name":"(anonymous_4)","decl":{"start":{"line":40,"column":22},"end":{"line":40,"column":23}},"loc":{"start":{"line":40,"column":28},"end":{"line":47,"column":17}},"line":40},"5":{"name":"(anonymous_5)","decl":{"start":{"line":48,"column":23},"end":{"line":48,"column":24}},"loc":{"start":{"line":48,"column":32},"end":{"line":48,"column":43}},"line":48},"6":{"name":"(anonymous_6)","decl":{"start":{"line":51,"column":17},"end":{"line":51,"column":18}},"loc":{"start":{"line":51,"column":28},"end":{"line":54,"column":11}},"line":51},"7":{"name":"(anonymous_7)","decl":{"start":{"line":56,"column":13},"end":{"line":56,"column":14}},"loc":{"start":{"line":56,"column":24},"end":{"line":68,"column":7}},"line":56},"8":{"name":"(anonymous_8)","decl":{"start":{"line":72,"column":22},"end":{"line":72,"column":23}},"loc":{"start":{"line":72,"column":28},"end":{"line":75,"column":1}},"line":72},"9":{"name":"(anonymous_9)","decl":{"start":{"line":77,"column":25},"end":{"line":77,"column":26}},"loc":{"start":{"line":77,"column":31},"end":{"line":83,"column":1}},"line":77}},"branchMap":{"0":{"loc":{"start":{"line":5,"column":4},"end":{"line":7,"column":5}},"type":"if","locations":[{"start":{"line":5,"column":4},"end":{"line":7,"column":5}},{"start":{"line":5,"column":4},"end":{"line":7,"column":5}}],"line":5},"1":{"loc":{"start":{"line":26,"column":12},"end":{"line":49,"column":13}},"type":"if","locations":[{"start":{"line":26,"column":12},"end":{"line":49,"column":13}},{"start":{"line":26,"column":12},"end":{"line":49,"column":13}}],"line":26},"2":{"loc":{"start":{"line":79,"column":2},"end":{"line":81,"column":3}},"type":"if","locations":[{"start":{"line":79,"column":2},"end":{"line":81,"column":3}},{"start":{"line":79,"column":2},"end":{"line":81,"column":3}}],"line":79}},"s":{"0":0,"1":0,"2":0,"3":0,"4":0,"5":0,"6":0,"7":0,"8":0,"9":0,"10":0,"11":0,"12":0,"13":0,"14":0,"15":0,"16":0,"17":0,"18":0,"19":0,"20":0,"21":0,"22":0,"23":0,"24":0,"25":0,"26":0,"27":0,"28":0,"29":0,"30":0,"31":0,"32":0,"33":0,"34":0,"35":0},"f":{"0":0,"1":0,"2":0,"3":0,"4":0,"5":0,"6":0,"7":0,"8":0,"9":0},"b":{"0":[0,0],"1":[0,0],"2":[0,0]}}
,"E:\\PESTO_Aucti\\aucti_firebase\\Aucti\\aucti-web\\src\\routes\\BuyerRoutes.js": {"path":"E:\\PESTO_Aucti\\aucti_firebase\\Aucti\\aucti-web\\src\\routes\\BuyerRoutes.js","statementMap":{"0":{"start":{"line":3,"column":18},"end":{"line":5,"column":1}},"1":{"start":{"line":4,"column":1},"end":{"line":4,"column":57}},"2":{"start":{"line":6,"column":16},"end":{"line":8,"column":1}},"3":{"start":{"line":7,"column":1},"end":{"line":7,"column":60}},"4":{"start":{"line":15,"column":17},"end":{"line":17,"column":1}},"5":{"start":{"line":16,"column":1},"end":{"line":16,"column":61}},"6":{"start":{"line":19,"column":16},"end":{"line":21,"column":1}},"7":{"start":{"line":20,"column":1},"end":{"line":20,"column":60}},"8":{"start":{"line":23,"column":20},"end":{"line":48,"column":1}}},"fnMap":{"0":{"name":"(anonymous_0)","decl":{"start":{"line":3,"column":23},"end":{"line":3,"column":24}},"loc":{"start":{"line":4,"column":1},"end":{"line":4,"column":57}},"line":4},"1":{"name":"(anonymous_1)","decl":{"start":{"line":6,"column":21},"end":{"line":6,"column":22}},"loc":{"start":{"line":7,"column":1},"end":{"line":7,"column":60}},"line":7},"2":{"name":"(anonymous_2)","decl":{"start":{"line":15,"column":22},"end":{"line":15,"column":23}},"loc":{"start":{"line":16,"column":1},"end":{"line":16,"column":61}},"line":16},"3":{"name":"(anonymous_3)","decl":{"start":{"line":19,"column":21},"end":{"line":19,"column":22}},"loc":{"start":{"line":20,"column":1},"end":{"line":20,"column":60}},"line":20}},"branchMap":{},"s":{"0":0,"1":0,"2":0,"3":0,"4":0,"5":0,"6":0,"7":0,"8":0},"f":{"0":0,"1":0,"2":0,"3":0},"b":{}}
,"E:\\PESTO_Aucti\\aucti_firebase\\Aucti\\aucti-web\\src\\routes\\Home.js": {"path":"E:\\PESTO_Aucti\\aucti_firebase\\Aucti\\aucti-web\\src\\routes\\Home.js","statementMap":{"0":{"start":{"line":10,"column":13},"end":{"line":29,"column":1}},"1":{"start":{"line":11,"column":1},"end":{"line":28,"column":3}},"2":{"start":{"line":18,"column":20},"end":{"line":18,"column":51}}},"fnMap":{"0":{"name":"(anonymous_0)","decl":{"start":{"line":10,"column":13},"end":{"line":10,"column":14}},"loc":{"start":{"line":10,"column":19},"end":{"line":29,"column":1}},"line":10},"1":{"name":"(anonymous_1)","decl":{"start":{"line":18,"column":14},"end":{"line":18,"column":15}},"loc":{"start":{"line":18,"column":20},"end":{"line":18,"column":51}},"line":18}},"branchMap":{},"s":{"0":0,"1":0,"2":0},"f":{"0":0,"1":0},"b":{}}
,"E:\\PESTO_Aucti\\aucti_firebase\\Aucti\\aucti-web\\src\\routes\\SellerRoutes.js": {"path":"E:\\PESTO_Aucti\\aucti_firebase\\Aucti\\aucti-web\\src\\routes\\SellerRoutes.js","statementMap":{"0":{"start":{"line":3,"column":18},"end":{"line":5,"column":1}},"1":{"start":{"line":4,"column":1},"end":{"line":4,"column":59}},"2":{"start":{"line":7,"column":20},"end":{"line":9,"column":1}},"3":{"start":{"line":8,"column":1},"end":{"line":8,"column":65}},"4":{"start":{"line":10,"column":16},"end":{"line":12,"column":1}},"5":{"start":{"line":11,"column":1},"end":{"line":11,"column":62}},"6":{"start":{"line":18,"column":16},"end":{"line":20,"column":1}},"7":{"start":{"line":19,"column":1},"end":{"line":19,"column":62}},"8":{"start":{"line":22,"column":21},"end":{"line":43,"column":1}}},"fnMap":{"0":{"name":"(anonymous_0)","decl":{"start":{"line":3,"column":23},"end":{"line":3,"column":24}},"loc":{"start":{"line":4,"column":1},"end":{"line":4,"column":59}},"line":4},"1":{"name":"(anonymous_1)","decl":{"start":{"line":7,"column":25},"end":{"line":7,"column":26}},"loc":{"start":{"line":8,"column":1},"end":{"line":8,"column":65}},"line":8},"2":{"name":"(anonymous_2)","decl":{"start":{"line":10,"column":21},"end":{"line":10,"column":22}},"loc":{"start":{"line":11,"column":1},"end":{"line":11,"column":62}},"line":11},"3":{"name":"(anonymous_3)","decl":{"start":{"line":18,"column":21},"end":{"line":18,"column":22}},"loc":{"start":{"line":19,"column":1},"end":{"line":19,"column":62}},"line":19}},"branchMap":{},"s":{"0":0,"1":0,"2":0,"3":0,"4":0,"5":0,"6":0,"7":0,"8":0},"f":{"0":0,"1":0,"2":0,"3":0},"b":{}}
}
